2015-05-01 05:40:44,495  INFO [main] - uk.ac.qub.exjavaganza.hqbert.server.v01.Supervisor.log 722 - CurrentTime: Fri May 01 05:40:44 BST 2015
2015-05-01 05:40:44,496  INFO [main] - uk.ac.qub.exjavaganza.hqbert.server.v01.Supervisor.log 722 - 

2015-05-01 05:40:44,497  INFO [main] - uk.ac.qub.exjavaganza.hqbert.server.v01.Supervisor.log 722 - Update Complete
2015-05-01 05:40:54,491  INFO [main] - uk.ac.qub.exjavaganza.hqbert.server.v01.Supervisor.log 722 - CurrentTime: Fri May 01 05:40:54 BST 2015
2015-05-01 05:40:54,491  INFO [main] - uk.ac.qub.exjavaganza.hqbert.server.v01.Supervisor.log 722 - 

2015-05-01 05:40:54,491  INFO [main] - uk.ac.qub.exjavaganza.hqbert.server.v01.Supervisor.log 722 - Update Complete
2015-05-01 05:41:04,491  INFO [main] - uk.ac.qub.exjavaganza.hqbert.server.v01.Supervisor.log 722 - CurrentTime: Fri May 01 05:41:04 BST 2015
2015-05-01 05:41:04,491  INFO [main] - uk.ac.qub.exjavaganza.hqbert.server.v01.Supervisor.log 722 - 

2015-05-01 05:41:04,491  INFO [main] - uk.ac.qub.exjavaganza.hqbert.server.v01.Supervisor.log 722 - Update Complete
2015-05-01 05:41:14,491  INFO [main] - uk.ac.qub.exjavaganza.hqbert.server.v01.Supervisor.log 722 - CurrentTime: Fri May 01 05:41:14 BST 2015
2015-05-01 05:41:14,491  INFO [main] - uk.ac.qub.exjavaganza.hqbert.server.v01.Supervisor.log 722 - 

2015-05-01 05:41:14,491  INFO [main] - uk.ac.qub.exjavaganza.hqbert.server.v01.Supervisor.log 722 - Update Complete
2015-05-01 05:41:24,491  INFO [main] - uk.ac.qub.exjavaganza.hqbert.server.v01.Supervisor.log 722 - CurrentTime: Fri May 01 05:41:24 BST 2015
2015-05-01 05:41:24,492  INFO [main] - uk.ac.qub.exjavaganza.hqbert.server.v01.Supervisor.log 722 - 

2015-05-01 05:41:24,506  INFO [main] - uk.ac.qub.exjavaganza.hqbert.server.v01.Supervisor.log 722 - Update Complete
2015-05-01 05:41:34,491  INFO [main] - uk.ac.qub.exjavaganza.hqbert.server.v01.Supervisor.log 722 - CurrentTime: Fri May 01 05:41:34 BST 2015
2015-05-01 05:41:34,493  INFO [main] - uk.ac.qub.exjavaganza.hqbert.server.v01.Supervisor.log 722 - 

2015-05-01 05:41:34,494  INFO [main] - uk.ac.qub.exjavaganza.hqbert.server.v01.Supervisor.log 722 - Update Complete
2015-05-01 05:41:35,807  INFO [RMI TCP Connection(4)-143.117.224.160] - uk.ac.qub.exjavaganza.hqbert.server.v01.Supervisor.log 722 - Tom Smith to Treatment room  0
2015-05-01 05:41:44,491  INFO [main] - uk.ac.qub.exjavaganza.hqbert.server.v01.Supervisor.log 722 - CurrentTime: Fri May 01 05:41:44 BST 2015
2015-05-01 05:41:44,491  INFO [main] - uk.ac.qub.exjavaganza.hqbert.server.v01.Supervisor.log 722 - 

2015-05-01 05:41:44,493  INFO [main] - uk.ac.qub.exjavaganza.hqbert.server.v01.Supervisor.log 722 - Update Complete
2015-05-01 05:41:54,491  INFO [main] - uk.ac.qub.exjavaganza.hqbert.server.v01.Supervisor.log 722 - CurrentTime: Fri May 01 05:41:54 BST 2015
2015-05-01 05:41:54,492  INFO [main] - uk.ac.qub.exjavaganza.hqbert.server.v01.Supervisor.log 722 - 

2015-05-01 05:41:54,493  INFO [main] - uk.ac.qub.exjavaganza.hqbert.server.v01.Supervisor.log 722 - Update Complete
2015-05-01 05:42:04,491  INFO [main] - uk.ac.qub.exjavaganza.hqbert.server.v01.Supervisor.log 722 - CurrentTime: Fri May 01 05:42:04 BST 2015
2015-05-01 05:42:04,493  INFO [main] - uk.ac.qub.exjavaganza.hqbert.server.v01.Supervisor.log 722 - 

2015-05-01 05:42:04,493  INFO [main] - uk.ac.qub.exjavaganza.hqbert.server.v01.Supervisor.log 722 - Update Complete
2015-05-01 05:42:04,494  INFO [main] - uk.ac.qub.exjavaganza.hqbert.server.v01.Supervisor.logToFile 731 - Client connection issue: null removed from queue.
2015-05-01 05:42:14,491  INFO [main] - uk.ac.qub.exjavaganza.hqbert.server.v01.Supervisor.log 722 - CurrentTime: Fri May 01 05:42:14 BST 2015
2015-05-01 05:42:14,491  INFO [main] - uk.ac.qub.exjavaganza.hqbert.server.v01.Supervisor.log 722 - 

2015-05-01 05:42:14,491  INFO [main] - uk.ac.qub.exjavaganza.hqbert.server.v01.Supervisor.log 722 - Update Complete
2015-05-01 05:42:24,491  INFO [main] - uk.ac.qub.exjavaganza.hqbert.server.v01.Supervisor.log 722 - CurrentTime: Fri May 01 05:42:24 BST 2015
2015-05-01 05:42:24,491  INFO [main] - uk.ac.qub.exjavaganza.hqbert.server.v01.Supervisor.log 722 - 

2015-05-01 05:42:24,491  INFO [main] - uk.ac.qub.exjavaganza.hqbert.server.v01.Supervisor.log 722 - Update Complete
2015-05-01 05:42:34,491  INFO [main] - uk.ac.qub.exjavaganza.hqbert.server.v01.Supervisor.log 722 - CurrentTime: Fri May 01 05:42:34 BST 2015
2015-05-01 05:42:34,492  INFO [main] - uk.ac.qub.exjavaganza.hqbert.server.v01.Supervisor.log 722 - 

2015-05-01 05:42:34,500  INFO [main] - uk.ac.qub.exjavaganza.hqbert.server.v01.Supervisor.log 722 - Update Complete
2015-05-01 05:42:37,592  INFO [RMI TCP Connection(6)-143.117.224.160] - uk.ac.qub.exjavaganza.hqbert.server.v01.Supervisor.log 722 - Tom Smith to Treatment room  0
2015-05-01 05:42:44,491  INFO [main] - uk.ac.qub.exjavaganza.hqbert.server.v01.Supervisor.log 722 - CurrentTime: Fri May 01 05:42:44 BST 2015
2015-05-01 05:42:44,491  INFO [main] - uk.ac.qub.exjavaganza.hqbert.server.v01.Supervisor.log 722 - 

2015-05-01 05:42:44,493  INFO [main] - uk.ac.qub.exjavaganza.hqbert.server.v01.Supervisor.log 722 - Update Complete
2015-05-01 05:42:54,491  INFO [main] - uk.ac.qub.exjavaganza.hqbert.server.v01.Supervisor.log 722 - CurrentTime: Fri May 01 05:42:54 BST 2015
2015-05-01 05:42:54,492  INFO [main] - uk.ac.qub.exjavaganza.hqbert.server.v01.Supervisor.log 722 - 

2015-05-01 05:42:54,493  INFO [main] - uk.ac.qub.exjavaganza.hqbert.server.v01.Supervisor.log 722 - Update Complete
2015-05-01 05:43:04,491  INFO [main] - uk.ac.qub.exjavaganza.hqbert.server.v01.Supervisor.log 722 - CurrentTime: Fri May 01 05:43:04 BST 2015
2015-05-01 05:43:04,491  INFO [main] - uk.ac.qub.exjavaganza.hqbert.server.v01.Supervisor.log 722 - 

2015-05-01 05:43:04,493  INFO [main] - uk.ac.qub.exjavaganza.hqbert.server.v01.Supervisor.log 722 - Update Complete
2015-05-01 05:43:14,491  INFO [main] - uk.ac.qub.exjavaganza.hqbert.server.v01.Supervisor.log 722 - Tom Smith has left Treatment Room 1
2015-05-01 05:43:14,491  INFO [main] - uk.ac.qub.exjavaganza.hqbert.server.v01.Supervisor.log 722 - CurrentTime: Fri May 01 05:43:14 BST 2015
2015-05-01 05:43:14,492  INFO [main] - uk.ac.qub.exjavaganza.hqbert.server.v01.Supervisor.log 722 - 

2015-05-01 05:43:14,494  INFO [main] - uk.ac.qub.exjavaganza.hqbert.server.v01.Supervisor.log 722 - Update Complete
2015-05-01 05:43:24,491  INFO [main] - uk.ac.qub.exjavaganza.hqbert.server.v01.Supervisor.log 722 - CurrentTime: Fri May 01 05:43:24 BST 2015
2015-05-01 05:43:24,491  INFO [main] - uk.ac.qub.exjavaganza.hqbert.server.v01.Supervisor.log 722 - 

2015-05-01 05:43:24,493  INFO [main] - uk.ac.qub.exjavaganza.hqbert.server.v01.Supervisor.log 722 - Update Complete
2015-05-01 05:43:34,491  INFO [main] - uk.ac.qub.exjavaganza.hqbert.server.v01.Supervisor.log 722 - CurrentTime: Fri May 01 05:43:34 BST 2015
2015-05-01 05:43:34,491  INFO [main] - uk.ac.qub.exjavaganza.hqbert.server.v01.Supervisor.log 722 - 

2015-05-01 05:43:34,493  INFO [main] - uk.ac.qub.exjavaganza.hqbert.server.v01.Supervisor.log 722 - Update Complete
2015-05-01 05:43:44,491  INFO [main] - uk.ac.qub.exjavaganza.hqbert.server.v01.Supervisor.log 722 - CurrentTime: Fri May 01 05:43:44 BST 2015
2015-05-01 05:43:44,492  INFO [main] - uk.ac.qub.exjavaganza.hqbert.server.v01.Supervisor.log 722 - 

2015-05-01 05:43:44,493  INFO [main] - uk.ac.qub.exjavaganza.hqbert.server.v01.Supervisor.log 722 - Update Complete
2015-05-01 05:43:54,491  INFO [main] - uk.ac.qub.exjavaganza.hqbert.server.v01.Supervisor.log 722 - CurrentTime: Fri May 01 05:43:54 BST 2015
2015-05-01 05:43:54,491  INFO [main] - uk.ac.qub.exjavaganza.hqbert.server.v01.Supervisor.log 722 - 

2015-05-01 05:43:54,493  INFO [main] - uk.ac.qub.exjavaganza.hqbert.server.v01.Supervisor.log 722 - Update Complete
2015-05-01 05:44:04,491  INFO [main] - uk.ac.qub.exjavaganza.hqbert.server.v01.Supervisor.log 722 - CurrentTime: Fri May 01 05:44:04 BST 2015
2015-05-01 05:44:04,491  INFO [main] - uk.ac.qub.exjavaganza.hqbert.server.v01.Supervisor.log 722 - 

2015-05-01 05:44:04,494  INFO [main] - uk.ac.qub.exjavaganza.hqbert.server.v01.Supervisor.log 722 - Update Complete
2015-05-01 05:44:14,491  INFO [main] - uk.ac.qub.exjavaganza.hqbert.server.v01.Supervisor.log 722 - Tom Smith has left Treatment Room 2
2015-05-01 05:44:14,491  INFO [main] - uk.ac.qub.exjavaganza.hqbert.server.v01.Supervisor.log 722 - CurrentTime: Fri May 01 05:44:14 BST 2015
2015-05-01 05:44:14,492  INFO [main] - uk.ac.qub.exjavaganza.hqbert.server.v01.Supervisor.log 722 - 

2015-05-01 05:44:14,493  INFO [main] - uk.ac.qub.exjavaganza.hqbert.server.v01.Supervisor.log 722 - Update Complete
2015-05-01 05:44:24,491  INFO [main] - uk.ac.qub.exjavaganza.hqbert.server.v01.Supervisor.log 722 - CurrentTime: Fri May 01 05:44:24 BST 2015
2015-05-01 05:44:24,491  INFO [main] - uk.ac.qub.exjavaganza.hqbert.server.v01.Supervisor.log 722 - 

2015-05-01 05:44:24,493  INFO [main] - uk.ac.qub.exjavaganza.hqbert.server.v01.Supervisor.log 722 - Update Complete
2015-05-01 05:44:34,491  INFO [main] - uk.ac.qub.exjavaganza.hqbert.server.v01.Supervisor.log 722 - CurrentTime: Fri May 01 05:44:34 BST 2015
2015-05-01 05:44:34,491  INFO [main] - uk.ac.qub.exjavaganza.hqbert.server.v01.Supervisor.log 722 - 

2015-05-01 05:44:34,493  INFO [main] - uk.ac.qub.exjavaganza.hqbert.server.v01.Supervisor.log 722 - Update Complete
2015-05-01 05:44:44,491  INFO [main] - uk.ac.qub.exjavaganza.hqbert.server.v01.Supervisor.log 722 - CurrentTime: Fri May 01 05:44:44 BST 2015
2015-05-01 05:44:44,492  INFO [main] - uk.ac.qub.exjavaganza.hqbert.server.v01.Supervisor.log 722 - 

2015-05-01 05:44:44,493  INFO [main] - uk.ac.qub.exjavaganza.hqbert.server.v01.Supervisor.log 722 - Update Complete
2015-05-01 05:44:54,491  INFO [main] - uk.ac.qub.exjavaganza.hqbert.server.v01.Supervisor.log 722 - CurrentTime: Fri May 01 05:44:54 BST 2015
2015-05-01 05:44:54,491  INFO [main] - uk.ac.qub.exjavaganza.hqbert.server.v01.Supervisor.log 722 - 

2015-05-01 05:44:54,493  INFO [main] - uk.ac.qub.exjavaganza.hqbert.server.v01.Supervisor.log 722 - Update Complete
2015-05-01 05:45:04,491  INFO [main] - uk.ac.qub.exjavaganza.hqbert.server.v01.Supervisor.log 722 - CurrentTime: Fri May 01 05:45:04 BST 2015
2015-05-01 05:45:04,491  INFO [main] - uk.ac.qub.exjavaganza.hqbert.server.v01.Supervisor.log 722 - 

2015-05-01 05:45:04,493  INFO [main] - uk.ac.qub.exjavaganza.hqbert.server.v01.Supervisor.log 722 - Update Complete
2015-05-01 05:45:14,491  INFO [main] - uk.ac.qub.exjavaganza.hqbert.server.v01.Supervisor.log 722 - CurrentTime: Fri May 01 05:45:14 BST 2015
2015-05-01 05:45:14,492  INFO [main] - uk.ac.qub.exjavaganza.hqbert.server.v01.Supervisor.log 722 - 

2015-05-01 05:45:14,493  INFO [main] - uk.ac.qub.exjavaganza.hqbert.server.v01.Supervisor.log 722 - Update Complete
2015-05-01 05:45:20,077  INFO [RMI TCP Connection(6)-143.117.224.160] - uk.ac.qub.exjavaganza.hqbert.server.v01.Supervisor.log 722 - Tom Jones to Treatment room  0
2015-05-01 05:45:24,491  INFO [main] - uk.ac.qub.exjavaganza.hqbert.server.v01.Supervisor.log 722 - CurrentTime: Fri May 01 05:45:24 BST 2015
2015-05-01 05:45:24,491  INFO [main] - uk.ac.qub.exjavaganza.hqbert.server.v01.Supervisor.log 722 - 

2015-05-01 05:45:24,493  INFO [main] - uk.ac.qub.exjavaganza.hqbert.server.v01.Supervisor.log 722 - Update Complete
2015-05-01 05:45:34,491  INFO [main] - uk.ac.qub.exjavaganza.hqbert.server.v01.Supervisor.log 722 - CurrentTime: Fri May 01 05:45:34 BST 2015
2015-05-01 05:45:34,491  INFO [main] - uk.ac.qub.exjavaganza.hqbert.server.v01.Supervisor.log 722 - 

2015-05-01 05:45:34,493  INFO [main] - uk.ac.qub.exjavaganza.hqbert.server.v01.Supervisor.log 722 - Update Complete
2015-05-01 05:45:44,491  INFO [main] - uk.ac.qub.exjavaganza.hqbert.server.v01.Supervisor.log 722 - CurrentTime: Fri May 01 05:45:44 BST 2015
2015-05-01 05:45:44,491  INFO [main] - uk.ac.qub.exjavaganza.hqbert.server.v01.Supervisor.log 722 - 

2015-05-01 05:45:44,493  INFO [main] - uk.ac.qub.exjavaganza.hqbert.server.v01.Supervisor.log 722 - Update Complete
2015-05-01 05:45:54,491  INFO [main] - uk.ac.qub.exjavaganza.hqbert.server.v01.Supervisor.log 722 - CurrentTime: Fri May 01 05:45:54 BST 2015
2015-05-01 05:45:54,491  INFO [main] - uk.ac.qub.exjavaganza.hqbert.server.v01.Supervisor.log 722 - 

2015-05-01 05:45:54,493  INFO [main] - uk.ac.qub.exjavaganza.hqbert.server.v01.Supervisor.log 722 - Update Complete
2015-05-01 05:46:04,491  INFO [main] - uk.ac.qub.exjavaganza.hqbert.server.v01.Supervisor.log 722 - CurrentTime: Fri May 01 05:46:04 BST 2015
2015-05-01 05:46:04,491  INFO [main] - uk.ac.qub.exjavaganza.hqbert.server.v01.Supervisor.log 722 - 

2015-05-01 05:46:04,492  INFO [main] - uk.ac.qub.exjavaganza.hqbert.server.v01.Supervisor.log 722 - Update Complete
2015-05-01 05:46:14,491  INFO [main] - uk.ac.qub.exjavaganza.hqbert.server.v01.Supervisor.log 722 - CurrentTime: Fri May 01 05:46:14 BST 2015
2015-05-01 05:46:14,491  INFO [main] - uk.ac.qub.exjavaganza.hqbert.server.v01.Supervisor.log 722 - 

2015-05-01 05:46:14,492  INFO [main] - uk.ac.qub.exjavaganza.hqbert.server.v01.Supervisor.log 722 - Update Complete
2015-05-01 05:46:24,491  INFO [main] - uk.ac.qub.exjavaganza.hqbert.server.v01.Supervisor.log 722 - CurrentTime: Fri May 01 05:46:24 BST 2015
2015-05-01 05:46:24,491  INFO [main] - uk.ac.qub.exjavaganza.hqbert.server.v01.Supervisor.log 722 - 

2015-05-01 05:46:24,493  INFO [main] - uk.ac.qub.exjavaganza.hqbert.server.v01.Supervisor.log 722 - Update Complete
2015-05-01 05:46:34,491  INFO [main] - uk.ac.qub.exjavaganza.hqbert.server.v01.Supervisor.log 722 - CurrentTime: Fri May 01 05:46:34 BST 2015
2015-05-01 05:46:34,491  INFO [main] - uk.ac.qub.exjavaganza.hqbert.server.v01.Supervisor.log 722 - 

2015-05-01 05:46:34,492  INFO [main] - uk.ac.qub.exjavaganza.hqbert.server.v01.Supervisor.log 722 - Update Complete
2015-05-01 05:46:44,491  INFO [main] - uk.ac.qub.exjavaganza.hqbert.server.v01.Supervisor.log 722 - CurrentTime: Fri May 01 05:46:44 BST 2015
2015-05-01 05:46:44,492  INFO [main] - uk.ac.qub.exjavaganza.hqbert.server.v01.Supervisor.log 722 - 

2015-05-01 05:46:44,493  INFO [main] - uk.ac.qub.exjavaganza.hqbert.server.v01.Supervisor.log 722 - Update Complete
2015-05-01 05:46:54,491  INFO [main] - uk.ac.qub.exjavaganza.hqbert.server.v01.Supervisor.log 722 - Tom Jones has left Treatment Room 1
2015-05-01 05:46:54,492  INFO [main] - uk.ac.qub.exjavaganza.hqbert.server.v01.Supervisor.log 722 - CurrentTime: Fri May 01 05:46:54 BST 2015
2015-05-01 05:46:54,492  INFO [main] - uk.ac.qub.exjavaganza.hqbert.server.v01.Supervisor.log 722 - 

2015-05-01 05:46:54,493  INFO [main] - uk.ac.qub.exjavaganza.hqbert.server.v01.Supervisor.logToFile 731 - Client connection issue: null removed from queue.
2015-05-01 05:46:54,493  INFO [main] - uk.ac.qub.exjavaganza.hqbert.server.v01.Supervisor.log 722 - Update Complete
2015-05-01 05:47:04,491  INFO [main] - uk.ac.qub.exjavaganza.hqbert.server.v01.Supervisor.log 722 - CurrentTime: Fri May 01 05:47:04 BST 2015
2015-05-01 05:47:04,491  INFO [main] - uk.ac.qub.exjavaganza.hqbert.server.v01.Supervisor.log 722 - 

2015-05-01 05:47:04,491  INFO [main] - uk.ac.qub.exjavaganza.hqbert.server.v01.Supervisor.log 722 - Update Complete
2015-05-01 05:47:14,491  INFO [main] - uk.ac.qub.exjavaganza.hqbert.server.v01.Supervisor.log 722 - CurrentTime: Fri May 01 05:47:14 BST 2015
2015-05-01 05:47:14,491  INFO [main] - uk.ac.qub.exjavaganza.hqbert.server.v01.Supervisor.log 722 - 

2015-05-01 05:47:14,491  INFO [main] - uk.ac.qub.exjavaganza.hqbert.server.v01.Supervisor.log 722 - Update Complete
2015-05-01 05:47:24,491  INFO [main] - uk.ac.qub.exjavaganza.hqbert.server.v01.Supervisor.log 722 - CurrentTime: Fri May 01 05:47:24 BST 2015
2015-05-01 05:47:24,491  INFO [main] - uk.ac.qub.exjavaganza.hqbert.server.v01.Supervisor.log 722 - 

2015-05-01 05:47:24,491  INFO [main] - uk.ac.qub.exjavaganza.hqbert.server.v01.Supervisor.log 722 - Update Complete
2015-05-01 05:47:34,491  INFO [main] - uk.ac.qub.exjavaganza.hqbert.server.v01.Supervisor.log 722 - CurrentTime: Fri May 01 05:47:34 BST 2015
2015-05-01 05:47:34,491  INFO [main] - uk.ac.qub.exjavaganza.hqbert.server.v01.Supervisor.log 722 - 

2015-05-01 05:47:34,491  INFO [main] - uk.ac.qub.exjavaganza.hqbert.server.v01.Supervisor.log 722 - Update Complete
2015-05-01 05:47:44,491  INFO [main] - uk.ac.qub.exjavaganza.hqbert.server.v01.Supervisor.log 722 - CurrentTime: Fri May 01 05:47:44 BST 2015
2015-05-01 05:47:44,491  INFO [main] - uk.ac.qub.exjavaganza.hqbert.server.v01.Supervisor.log 722 - 

2015-05-01 05:47:44,491  INFO [main] - uk.ac.qub.exjavaganza.hqbert.server.v01.Supervisor.log 722 - Update Complete
2015-05-01 05:47:54,491  INFO [main] - uk.ac.qub.exjavaganza.hqbert.server.v01.Supervisor.log 722 - CurrentTime: Fri May 01 05:47:54 BST 2015
2015-05-01 05:47:54,492  INFO [main] - uk.ac.qub.exjavaganza.hqbert.server.v01.Supervisor.log 722 - 

2015-05-01 05:47:54,499  INFO [main] - uk.ac.qub.exjavaganza.hqbert.server.v01.Supervisor.log 722 - Update Complete
2015-05-01 05:47:55,764  INFO [RMI TCP Connection(9)-143.117.224.160] - uk.ac.qub.exjavaganza.hqbert.server.v01.Supervisor.log 722 - Tom Smith to Treatment room  0
2015-05-01 05:48:04,491  INFO [main] - uk.ac.qub.exjavaganza.hqbert.server.v01.Supervisor.log 722 - CurrentTime: Fri May 01 05:48:04 BST 2015
2015-05-01 05:48:04,492  INFO [main] - uk.ac.qub.exjavaganza.hqbert.server.v01.Supervisor.log 722 - 

2015-05-01 05:48:04,494  INFO [main] - uk.ac.qub.exjavaganza.hqbert.server.v01.Supervisor.log 722 - Update Complete
2015-05-01 05:48:14,491  INFO [main] - uk.ac.qub.exjavaganza.hqbert.server.v01.Supervisor.log 722 - CurrentTime: Fri May 01 05:48:14 BST 2015
2015-05-01 05:48:14,491  INFO [main] - uk.ac.qub.exjavaganza.hqbert.server.v01.Supervisor.log 722 - 

2015-05-01 05:48:14,493  INFO [main] - uk.ac.qub.exjavaganza.hqbert.server.v01.Supervisor.log 722 - Update Complete
2015-05-01 05:48:24,491  INFO [main] - uk.ac.qub.exjavaganza.hqbert.server.v01.Supervisor.log 722 - CurrentTime: Fri May 01 05:48:24 BST 2015
2015-05-01 05:48:24,491  INFO [main] - uk.ac.qub.exjavaganza.hqbert.server.v01.Supervisor.log 722 - 

2015-05-01 05:48:24,493  INFO [main] - uk.ac.qub.exjavaganza.hqbert.server.v01.Supervisor.log 722 - Update Complete
2015-05-01 05:48:34,491  INFO [main] - uk.ac.qub.exjavaganza.hqbert.server.v01.Supervisor.log 722 - CurrentTime: Fri May 01 05:48:34 BST 2015
2015-05-01 05:48:34,492  INFO [main] - uk.ac.qub.exjavaganza.hqbert.server.v01.Supervisor.log 722 - 

2015-05-01 05:48:34,493  INFO [main] - uk.ac.qub.exjavaganza.hqbert.server.v01.Supervisor.log 722 - Update Complete
2015-05-01 05:48:44,491  INFO [main] - uk.ac.qub.exjavaganza.hqbert.server.v01.Supervisor.log 722 - CurrentTime: Fri May 01 05:48:44 BST 2015
2015-05-01 05:48:44,491  INFO [main] - uk.ac.qub.exjavaganza.hqbert.server.v01.Supervisor.log 722 - 

2015-05-01 05:48:44,493  INFO [main] - uk.ac.qub.exjavaganza.hqbert.server.v01.Supervisor.log 722 - Update Complete
2015-05-01 05:48:54,491  INFO [main] - uk.ac.qub.exjavaganza.hqbert.server.v01.Supervisor.log 722 - CurrentTime: Fri May 01 05:48:54 BST 2015
2015-05-01 05:48:54,491  INFO [main] - uk.ac.qub.exjavaganza.hqbert.server.v01.Supervisor.log 722 - 

2015-05-01 05:48:54,493  INFO [main] - uk.ac.qub.exjavaganza.hqbert.server.v01.Supervisor.log 722 - Update Complete
2015-05-01 05:49:04,491  INFO [main] - uk.ac.qub.exjavaganza.hqbert.server.v01.Supervisor.log 722 - CurrentTime: Fri May 01 05:49:04 BST 2015
2015-05-01 05:49:04,491  INFO [main] - uk.ac.qub.exjavaganza.hqbert.server.v01.Supervisor.log 722 - 

2015-05-01 05:49:04,493  INFO [main] - uk.ac.qub.exjavaganza.hqbert.server.v01.Supervisor.log 722 - Update Complete
2015-05-01 05:49:14,491  INFO [main] - uk.ac.qub.exjavaganza.hqbert.server.v01.Supervisor.log 722 - CurrentTime: Fri May 01 05:49:14 BST 2015
2015-05-01 05:49:14,491  INFO [main] - uk.ac.qub.exjavaganza.hqbert.server.v01.Supervisor.log 722 - 

2015-05-01 05:49:14,493  INFO [main] - uk.ac.qub.exjavaganza.hqbert.server.v01.Supervisor.log 722 - Update Complete
2015-05-01 05:49:24,491  INFO [main] - uk.ac.qub.exjavaganza.hqbert.server.v01.Supervisor.log 722 - CurrentTime: Fri May 01 05:49:24 BST 2015
2015-05-01 05:49:24,491  INFO [main] - uk.ac.qub.exjavaganza.hqbert.server.v01.Supervisor.log 722 - 

2015-05-01 05:49:24,493  INFO [main] - uk.ac.qub.exjavaganza.hqbert.server.v01.Supervisor.log 722 - Update Complete
2015-05-01 05:49:34,491  INFO [main] - uk.ac.qub.exjavaganza.hqbert.server.v01.Supervisor.log 722 - CurrentTime: Fri May 01 05:49:34 BST 2015
2015-05-01 05:49:34,491  INFO [main] - uk.ac.qub.exjavaganza.hqbert.server.v01.Supervisor.log 722 - 

2015-05-01 05:49:34,493  INFO [main] - uk.ac.qub.exjavaganza.hqbert.server.v01.Supervisor.log 722 - Update Complete
2015-05-01 05:49:44,491  INFO [main] - uk.ac.qub.exjavaganza.hqbert.server.v01.Supervisor.log 722 - CurrentTime: Fri May 01 05:49:44 BST 2015
2015-05-01 05:49:44,491  INFO [main] - uk.ac.qub.exjavaganza.hqbert.server.v01.Supervisor.log 722 - 

2015-05-01 05:49:44,492  INFO [main] - uk.ac.qub.exjavaganza.hqbert.server.v01.Supervisor.log 722 - Update Complete
2015-05-01 05:49:54,491  INFO [main] - uk.ac.qub.exjavaganza.hqbert.server.v01.Supervisor.log 722 - CurrentTime: Fri May 01 05:49:54 BST 2015
2015-05-01 05:49:54,491  INFO [main] - uk.ac.qub.exjavaganza.hqbert.server.v01.Supervisor.log 722 - 

2015-05-01 05:49:54,493  INFO [main] - uk.ac.qub.exjavaganza.hqbert.server.v01.Supervisor.log 722 - Update Complete
2015-05-01 05:50:04,491  INFO [main] - uk.ac.qub.exjavaganza.hqbert.server.v01.Supervisor.log 722 - CurrentTime: Fri May 01 05:50:04 BST 2015
2015-05-01 05:50:04,491  INFO [main] - uk.ac.qub.exjavaganza.hqbert.server.v01.Supervisor.log 722 - 

2015-05-01 05:50:04,493  INFO [main] - uk.ac.qub.exjavaganza.hqbert.server.v01.Supervisor.log 722 - Update Complete
2015-05-01 06:47:33,472  INFO [main] - uk.ac.qub.exjavaganza.hqbert.server.v01.Supervisor.log 722 - CurrentTime: Fri May 01 06:47:33 BST 2015
2015-05-01 06:47:33,478  INFO [main] - uk.ac.qub.exjavaganza.hqbert.server.v01.Supervisor.log 722 - 

2015-05-01 06:47:33,483  INFO [main] - uk.ac.qub.exjavaganza.hqbert.server.v01.Supervisor.log 722 - Update Complete
2015-05-01 06:47:43,478  INFO [main] - uk.ac.qub.exjavaganza.hqbert.server.v01.Supervisor.log 722 - CurrentTime: Fri May 01 06:47:43 BST 2015
2015-05-01 06:47:43,478  INFO [main] - uk.ac.qub.exjavaganza.hqbert.server.v01.Supervisor.log 722 - 

2015-05-01 06:47:43,478  INFO [main] - uk.ac.qub.exjavaganza.hqbert.server.v01.Supervisor.log 722 - Update Complete
2015-05-01 06:47:53,477  INFO [main] - uk.ac.qub.exjavaganza.hqbert.server.v01.Supervisor.log 722 - CurrentTime: Fri May 01 06:47:53 BST 2015
2015-05-01 06:47:53,477  INFO [main] - uk.ac.qub.exjavaganza.hqbert.server.v01.Supervisor.log 722 - 

2015-05-01 06:47:53,478  INFO [main] - uk.ac.qub.exjavaganza.hqbert.server.v01.Supervisor.log 722 - Update Complete
2015-05-01 06:48:03,490  INFO [main] - uk.ac.qub.exjavaganza.hqbert.server.v01.Supervisor.log 722 - CurrentTime: Fri May 01 06:48:03 BST 2015
2015-05-01 06:48:03,490  INFO [main] - uk.ac.qub.exjavaganza.hqbert.server.v01.Supervisor.log 722 - 

2015-05-01 06:48:03,491  INFO [main] - uk.ac.qub.exjavaganza.hqbert.server.v01.Supervisor.log 722 - Update Complete
2015-05-01 06:48:13,478  INFO [main] - uk.ac.qub.exjavaganza.hqbert.server.v01.Supervisor.log 722 - CurrentTime: Fri May 01 06:48:13 BST 2015
2015-05-01 06:48:13,480  INFO [main] - uk.ac.qub.exjavaganza.hqbert.server.v01.Supervisor.log 722 - 

2015-05-01 06:48:13,480  INFO [main] - uk.ac.qub.exjavaganza.hqbert.server.v01.Supervisor.log 722 - Update Complete
2015-05-01 06:48:23,477  INFO [main] - uk.ac.qub.exjavaganza.hqbert.server.v01.Supervisor.log 722 - CurrentTime: Fri May 01 06:48:23 BST 2015
2015-05-01 06:48:23,480  INFO [main] - uk.ac.qub.exjavaganza.hqbert.server.v01.Supervisor.log 722 - 

2015-05-01 06:48:23,494  INFO [main] - uk.ac.qub.exjavaganza.hqbert.server.v01.Supervisor.log 722 - Update Complete
2015-05-01 06:48:33,477  INFO [main] - uk.ac.qub.exjavaganza.hqbert.server.v01.Supervisor.log 722 - CurrentTime: Fri May 01 06:48:33 BST 2015
2015-05-01 06:48:33,478  INFO [main] - uk.ac.qub.exjavaganza.hqbert.server.v01.Supervisor.log 722 - 

2015-05-01 06:48:33,478  INFO [main] - uk.ac.qub.exjavaganza.hqbert.server.v01.Supervisor.log 722 - Update Complete
2015-05-01 06:48:43,484  INFO [main] - uk.ac.qub.exjavaganza.hqbert.server.v01.Supervisor.log 722 - CurrentTime: Fri May 01 06:48:43 BST 2015
2015-05-01 06:48:43,485  INFO [main] - uk.ac.qub.exjavaganza.hqbert.server.v01.Supervisor.log 722 - 

2015-05-01 06:48:43,485  INFO [main] - uk.ac.qub.exjavaganza.hqbert.server.v01.Supervisor.log 722 - Update Complete
2015-05-01 06:48:53,483  INFO [main] - uk.ac.qub.exjavaganza.hqbert.server.v01.Supervisor.log 722 - CurrentTime: Fri May 01 06:48:53 BST 2015
2015-05-01 06:48:53,484  INFO [main] - uk.ac.qub.exjavaganza.hqbert.server.v01.Supervisor.log 722 - 

2015-05-01 06:48:53,484  INFO [main] - uk.ac.qub.exjavaganza.hqbert.server.v01.Supervisor.log 722 - Update Complete
2015-05-01 06:49:03,483  INFO [main] - uk.ac.qub.exjavaganza.hqbert.server.v01.Supervisor.log 722 - CurrentTime: Fri May 01 06:49:03 BST 2015
2015-05-01 06:49:03,483  INFO [main] - uk.ac.qub.exjavaganza.hqbert.server.v01.Supervisor.log 722 - 

2015-05-01 06:49:03,484  INFO [main] - uk.ac.qub.exjavaganza.hqbert.server.v01.Supervisor.log 722 - Update Complete
2015-05-01 06:49:13,484  INFO [main] - uk.ac.qub.exjavaganza.hqbert.server.v01.Supervisor.log 722 - CurrentTime: Fri May 01 06:49:13 BST 2015
2015-05-01 06:49:13,485  INFO [main] - uk.ac.qub.exjavaganza.hqbert.server.v01.Supervisor.log 722 - 

2015-05-01 06:49:13,485  INFO [main] - uk.ac.qub.exjavaganza.hqbert.server.v01.Supervisor.log 722 - Update Complete
2015-05-01 06:49:23,485  INFO [main] - uk.ac.qub.exjavaganza.hqbert.server.v01.Supervisor.log 722 - CurrentTime: Fri May 01 06:49:23 BST 2015
2015-05-01 06:49:24,461  INFO [main] - uk.ac.qub.exjavaganza.hqbert.server.v01.Supervisor.log 722 - 

2015-05-01 06:49:26,359  INFO [main] - uk.ac.qub.exjavaganza.hqbert.server.v01.Supervisor.log 722 - Update Complete
2015-05-01 06:50:19,784  INFO [main] - uk.ac.qub.exjavaganza.hqbert.server.v01.Supervisor.log 722 - CurrentTime: Fri May 01 06:50:19 BST 2015
2015-05-01 06:50:19,791  INFO [main] - uk.ac.qub.exjavaganza.hqbert.server.v01.Supervisor.log 722 - 

2015-05-01 06:50:19,796  INFO [main] - uk.ac.qub.exjavaganza.hqbert.server.v01.Supervisor.log 722 - Update Complete
2015-05-01 06:50:29,804  INFO [main] - uk.ac.qub.exjavaganza.hqbert.server.v01.Supervisor.log 722 - CurrentTime: Fri May 01 06:50:29 BST 2015
2015-05-01 06:50:29,805  INFO [main] - uk.ac.qub.exjavaganza.hqbert.server.v01.Supervisor.log 722 - 

2015-05-01 06:50:29,805  INFO [main] - uk.ac.qub.exjavaganza.hqbert.server.v01.Supervisor.log 722 - Update Complete
2015-05-01 06:50:39,804  INFO [main] - uk.ac.qub.exjavaganza.hqbert.server.v01.Supervisor.log 722 - CurrentTime: Fri May 01 06:50:39 BST 2015
2015-05-01 06:50:39,805  INFO [main] - uk.ac.qub.exjavaganza.hqbert.server.v01.Supervisor.log 722 - 

2015-05-01 06:50:39,806  INFO [main] - uk.ac.qub.exjavaganza.hqbert.server.v01.Supervisor.log 722 - Update Complete
2015-05-01 06:50:49,805  INFO [main] - uk.ac.qub.exjavaganza.hqbert.server.v01.Supervisor.log 722 - CurrentTime: Fri May 01 06:50:49 BST 2015
2015-05-01 06:50:49,806  INFO [main] - uk.ac.qub.exjavaganza.hqbert.server.v01.Supervisor.log 722 - 

2015-05-01 06:50:49,806  INFO [main] - uk.ac.qub.exjavaganza.hqbert.server.v01.Supervisor.log 722 - Update Complete
2015-05-01 06:50:59,805  INFO [main] - uk.ac.qub.exjavaganza.hqbert.server.v01.Supervisor.log 722 - CurrentTime: Fri May 01 06:50:59 BST 2015
2015-05-01 06:50:59,805  INFO [main] - uk.ac.qub.exjavaganza.hqbert.server.v01.Supervisor.log 722 - 

2015-05-01 06:50:59,821  INFO [main] - uk.ac.qub.exjavaganza.hqbert.server.v01.Supervisor.log 722 - Update Complete
2015-05-01 06:51:09,805  INFO [main] - uk.ac.qub.exjavaganza.hqbert.server.v01.Supervisor.log 722 - CurrentTime: Fri May 01 06:51:09 BST 2015
2015-05-01 06:51:09,814  INFO [main] - uk.ac.qub.exjavaganza.hqbert.server.v01.Supervisor.log 722 - 

2015-05-01 06:51:09,913  INFO [main] - uk.ac.qub.exjavaganza.hqbert.server.v01.Supervisor.log 722 - Update Complete
2015-05-01 06:51:19,818  INFO [main] - uk.ac.qub.exjavaganza.hqbert.server.v01.Supervisor.log 722 - CurrentTime: Fri May 01 06:51:19 BST 2015
2015-05-01 06:51:19,820  INFO [main] - uk.ac.qub.exjavaganza.hqbert.server.v01.Supervisor.log 722 - 

2015-05-01 06:51:19,829  INFO [main] - uk.ac.qub.exjavaganza.hqbert.server.v01.Supervisor.log 722 - Update Complete
2015-05-01 06:51:29,804  INFO [main] - uk.ac.qub.exjavaganza.hqbert.server.v01.Supervisor.log 722 - CurrentTime: Fri May 01 06:51:29 BST 2015
2015-05-01 06:51:29,807  INFO [main] - uk.ac.qub.exjavaganza.hqbert.server.v01.Supervisor.log 722 - 

2015-05-01 06:51:29,812  INFO [main] - uk.ac.qub.exjavaganza.hqbert.server.v01.Supervisor.log 722 - Update Complete
2015-05-01 06:51:39,805  INFO [main] - uk.ac.qub.exjavaganza.hqbert.server.v01.Supervisor.log 722 - CurrentTime: Fri May 01 06:51:39 BST 2015
2015-05-01 06:51:39,807  INFO [main] - uk.ac.qub.exjavaganza.hqbert.server.v01.Supervisor.log 722 - 

2015-05-01 06:51:39,812  INFO [main] - uk.ac.qub.exjavaganza.hqbert.server.v01.Supervisor.log 722 - Update Complete
2015-05-01 06:51:49,805  INFO [main] - uk.ac.qub.exjavaganza.hqbert.server.v01.Supervisor.log 722 - CurrentTime: Fri May 01 06:51:49 BST 2015
2015-05-01 06:51:49,808  INFO [main] - uk.ac.qub.exjavaganza.hqbert.server.v01.Supervisor.log 722 - 

2015-05-01 06:51:49,814  INFO [main] - uk.ac.qub.exjavaganza.hqbert.server.v01.Supervisor.log 722 - Update Complete
2015-05-01 06:51:59,805  INFO [main] - uk.ac.qub.exjavaganza.hqbert.server.v01.Supervisor.log 722 - CurrentTime: Fri May 01 06:51:59 BST 2015
2015-05-01 06:51:59,807  INFO [main] - uk.ac.qub.exjavaganza.hqbert.server.v01.Supervisor.log 722 - 

2015-05-01 06:51:59,812  INFO [main] - uk.ac.qub.exjavaganza.hqbert.server.v01.Supervisor.log 722 - Update Complete
2015-05-01 06:52:09,806  INFO [main] - uk.ac.qub.exjavaganza.hqbert.server.v01.Supervisor.log 722 - CurrentTime: Fri May 01 06:52:09 BST 2015
2015-05-01 06:52:10,757  INFO [main] - uk.ac.qub.exjavaganza.hqbert.server.v01.Supervisor.log 722 - 

2015-05-01 06:52:12,656  INFO [main] - uk.ac.qub.exjavaganza.hqbert.server.v01.Supervisor.log 722 - Update Complete
2015-05-01 07:19:58,146  INFO [main] - uk.ac.qub.exjavaganza.hqbert.server.v01.Supervisor.log 722 - CurrentTime: Fri May 01 07:19:58 BST 2015
2015-05-01 07:19:58,168  INFO [main] - uk.ac.qub.exjavaganza.hqbert.server.v01.Supervisor.log 722 - 

2015-05-01 07:19:58,184  INFO [main] - uk.ac.qub.exjavaganza.hqbert.server.v01.Supervisor.log 722 - Update Complete
2015-05-01 07:20:08,164  INFO [main] - uk.ac.qub.exjavaganza.hqbert.server.v01.Supervisor.log 722 - CurrentTime: Fri May 01 07:20:08 BST 2015
2015-05-01 07:20:08,164  INFO [main] - uk.ac.qub.exjavaganza.hqbert.server.v01.Supervisor.log 722 - 

2015-05-01 07:20:08,164  INFO [main] - uk.ac.qub.exjavaganza.hqbert.server.v01.Supervisor.log 722 - Update Complete
2015-05-01 07:20:18,149  INFO [main] - uk.ac.qub.exjavaganza.hqbert.server.v01.Supervisor.log 722 - CurrentTime: Fri May 01 07:20:18 BST 2015
2015-05-01 07:20:18,149  INFO [main] - uk.ac.qub.exjavaganza.hqbert.server.v01.Supervisor.log 722 - 

2015-05-01 07:20:18,149  INFO [main] - uk.ac.qub.exjavaganza.hqbert.server.v01.Supervisor.log 722 - Update Complete
2015-05-01 07:20:28,148  INFO [main] - uk.ac.qub.exjavaganza.hqbert.server.v01.Supervisor.log 722 - CurrentTime: Fri May 01 07:20:28 BST 2015
2015-05-01 07:20:28,148  INFO [main] - uk.ac.qub.exjavaganza.hqbert.server.v01.Supervisor.log 722 - 

2015-05-01 07:20:28,149  INFO [main] - uk.ac.qub.exjavaganza.hqbert.server.v01.Supervisor.log 722 - Update Complete
2015-05-01 07:20:38,149  INFO [main] - uk.ac.qub.exjavaganza.hqbert.server.v01.Supervisor.log 722 - CurrentTime: Fri May 01 07:20:38 BST 2015
2015-05-01 07:20:38,149  INFO [main] - uk.ac.qub.exjavaganza.hqbert.server.v01.Supervisor.log 722 - 

2015-05-01 07:20:38,149  INFO [main] - uk.ac.qub.exjavaganza.hqbert.server.v01.Supervisor.log 722 - Update Complete
2015-05-01 07:20:48,148  INFO [main] - uk.ac.qub.exjavaganza.hqbert.server.v01.Supervisor.log 722 - CurrentTime: Fri May 01 07:20:48 BST 2015
2015-05-01 07:20:48,153  INFO [main] - uk.ac.qub.exjavaganza.hqbert.server.v01.Supervisor.log 722 - 

2015-05-01 07:20:48,195  INFO [main] - uk.ac.qub.exjavaganza.hqbert.server.v01.Supervisor.log 722 - Update Complete
2015-05-01 07:20:58,148  INFO [main] - uk.ac.qub.exjavaganza.hqbert.server.v01.Supervisor.log 722 - CurrentTime: Fri May 01 07:20:58 BST 2015
2015-05-01 07:20:58,150  INFO [main] - uk.ac.qub.exjavaganza.hqbert.server.v01.Supervisor.log 722 - 

2015-05-01 07:20:58,156  INFO [main] - uk.ac.qub.exjavaganza.hqbert.server.v01.Supervisor.log 722 - Update Complete
2015-05-01 07:21:08,148  INFO [main] - uk.ac.qub.exjavaganza.hqbert.server.v01.Supervisor.log 722 - CurrentTime: Fri May 01 07:21:08 BST 2015
2015-05-01 07:21:08,150  INFO [main] - uk.ac.qub.exjavaganza.hqbert.server.v01.Supervisor.log 722 - 

2015-05-01 07:21:08,174  INFO [main] - uk.ac.qub.exjavaganza.hqbert.server.v01.Supervisor.log 722 - Update Complete
2015-05-01 07:21:18,148  INFO [main] - uk.ac.qub.exjavaganza.hqbert.server.v01.Supervisor.log 722 - CurrentTime: Fri May 01 07:21:18 BST 2015
2015-05-01 07:21:18,150  INFO [main] - uk.ac.qub.exjavaganza.hqbert.server.v01.Supervisor.log 722 - 

2015-05-01 07:21:18,159  INFO [main] - uk.ac.qub.exjavaganza.hqbert.server.v01.Supervisor.log 722 - Update Complete
2015-05-01 07:21:28,148  INFO [main] - uk.ac.qub.exjavaganza.hqbert.server.v01.Supervisor.log 722 - CurrentTime: Fri May 01 07:21:28 BST 2015
2015-05-01 07:21:28,150  INFO [main] - uk.ac.qub.exjavaganza.hqbert.server.v01.Supervisor.log 722 - 

2015-05-01 07:21:28,158  INFO [main] - uk.ac.qub.exjavaganza.hqbert.server.v01.Supervisor.log 722 - Update Complete
2015-05-01 07:21:38,149  INFO [main] - uk.ac.qub.exjavaganza.hqbert.server.v01.Supervisor.log 722 - CurrentTime: Fri May 01 07:21:38 BST 2015
2015-05-01 07:21:38,152  INFO [main] - uk.ac.qub.exjavaganza.hqbert.server.v01.Supervisor.log 722 - 

2015-05-01 07:21:38,156  INFO [main] - uk.ac.qub.exjavaganza.hqbert.server.v01.Supervisor.log 722 - Update Complete
2015-05-01 07:21:48,149  INFO [main] - uk.ac.qub.exjavaganza.hqbert.server.v01.Supervisor.log 722 - CurrentTime: Fri May 01 07:21:48 BST 2015
2015-05-01 07:21:48,153  INFO [main] - uk.ac.qub.exjavaganza.hqbert.server.v01.Supervisor.log 722 - 

2015-05-01 07:21:48,167  INFO [main] - uk.ac.qub.exjavaganza.hqbert.server.v01.Supervisor.log 722 - Update Complete
2015-05-01 07:21:58,149  INFO [main] - uk.ac.qub.exjavaganza.hqbert.server.v01.Supervisor.log 722 - CurrentTime: Fri May 01 07:21:58 BST 2015
2015-05-01 07:21:58,151  INFO [main] - uk.ac.qub.exjavaganza.hqbert.server.v01.Supervisor.log 722 - 

2015-05-01 07:21:58,160  INFO [main] - uk.ac.qub.exjavaganza.hqbert.server.v01.Supervisor.log 722 - Update Complete
2015-05-01 07:22:08,149  INFO [main] - uk.ac.qub.exjavaganza.hqbert.server.v01.Supervisor.log 722 - CurrentTime: Fri May 01 07:22:08 BST 2015
2015-05-01 07:22:08,152  INFO [main] - uk.ac.qub.exjavaganza.hqbert.server.v01.Supervisor.log 722 - 

2015-05-01 07:22:08,184  INFO [main] - uk.ac.qub.exjavaganza.hqbert.server.v01.Supervisor.log 722 - Update Complete
2015-05-01 07:22:18,149  INFO [main] - uk.ac.qub.exjavaganza.hqbert.server.v01.Supervisor.log 722 - CurrentTime: Fri May 01 07:22:18 BST 2015
2015-05-01 07:22:18,151  INFO [main] - uk.ac.qub.exjavaganza.hqbert.server.v01.Supervisor.log 722 - 

2015-05-01 07:22:18,176  INFO [main] - uk.ac.qub.exjavaganza.hqbert.server.v01.Supervisor.log 722 - Update Complete
2015-05-01 07:22:18,772  INFO [RMI TCP Connection(4)-143.117.232.219] - uk.ac.qub.exjavaganza.hqbert.server.v01.Supervisor.log 722 - Tom Jones to Treatment room  0
2015-05-01 07:22:28,150  INFO [main] - uk.ac.qub.exjavaganza.hqbert.server.v01.Supervisor.log 722 - CurrentTime: Fri May 01 07:22:28 BST 2015
2015-05-01 07:22:28,153  INFO [main] - uk.ac.qub.exjavaganza.hqbert.server.v01.Supervisor.log 722 - 

2015-05-01 07:22:28,177  INFO [main] - uk.ac.qub.exjavaganza.hqbert.server.v01.Supervisor.log 722 - Update Complete
2015-05-01 07:22:37,418  INFO [RMI TCP Connection(4)-143.117.232.219] - uk.ac.qub.exjavaganza.hqbert.server.v01.Supervisor.log 722 - Ted Bishop to Treatment room  0
2015-05-01 07:22:38,149  INFO [main] - uk.ac.qub.exjavaganza.hqbert.server.v01.Supervisor.log 722 - CurrentTime: Fri May 01 07:22:38 BST 2015
2015-05-01 07:22:38,152  INFO [main] - uk.ac.qub.exjavaganza.hqbert.server.v01.Supervisor.log 722 - 

2015-05-01 07:22:38,170  INFO [main] - uk.ac.qub.exjavaganza.hqbert.server.v01.Supervisor.log 722 - Update Complete
2015-05-01 07:22:48,149  INFO [main] - uk.ac.qub.exjavaganza.hqbert.server.v01.Supervisor.log 722 - CurrentTime: Fri May 01 07:22:48 BST 2015
2015-05-01 07:22:48,151  INFO [main] - uk.ac.qub.exjavaganza.hqbert.server.v01.Supervisor.log 722 - 

2015-05-01 07:22:48,179  INFO [main] - uk.ac.qub.exjavaganza.hqbert.server.v01.Supervisor.log 722 - Update Complete
2015-05-01 07:22:58,149  INFO [main] - uk.ac.qub.exjavaganza.hqbert.server.v01.Supervisor.log 722 - CurrentTime: Fri May 01 07:22:58 BST 2015
2015-05-01 07:22:58,152  INFO [main] - uk.ac.qub.exjavaganza.hqbert.server.v01.Supervisor.log 722 - 

2015-05-01 07:22:58,164  INFO [main] - uk.ac.qub.exjavaganza.hqbert.server.v01.Supervisor.log 722 - Update Complete
2015-05-01 07:23:08,149  INFO [main] - uk.ac.qub.exjavaganza.hqbert.server.v01.Supervisor.log 722 - CurrentTime: Fri May 01 07:23:08 BST 2015
2015-05-01 07:23:08,156  INFO [main] - uk.ac.qub.exjavaganza.hqbert.server.v01.Supervisor.log 722 - 

2015-05-01 07:23:08,161  INFO [main] - uk.ac.qub.exjavaganza.hqbert.server.v01.Supervisor.log 722 - Update Complete
2015-05-01 07:23:18,149  INFO [main] - uk.ac.qub.exjavaganza.hqbert.server.v01.Supervisor.log 722 - CurrentTime: Fri May 01 07:23:18 BST 2015
2015-05-01 07:23:18,151  INFO [main] - uk.ac.qub.exjavaganza.hqbert.server.v01.Supervisor.log 722 - 

2015-05-01 07:23:18,159  INFO [main] - uk.ac.qub.exjavaganza.hqbert.server.v01.Supervisor.log 722 - Update Complete
2015-05-01 07:23:28,150  INFO [main] - uk.ac.qub.exjavaganza.hqbert.server.v01.Supervisor.log 722 - CurrentTime: Fri May 01 07:23:28 BST 2015
2015-05-01 07:23:28,152  INFO [main] - uk.ac.qub.exjavaganza.hqbert.server.v01.Supervisor.log 722 - 

2015-05-01 07:23:28,165  INFO [main] - uk.ac.qub.exjavaganza.hqbert.server.v01.Supervisor.log 722 - Update Complete
2015-05-01 07:23:38,149  INFO [main] - uk.ac.qub.exjavaganza.hqbert.server.v01.Supervisor.log 722 - CurrentTime: Fri May 01 07:23:38 BST 2015
2015-05-01 07:23:38,151  INFO [main] - uk.ac.qub.exjavaganza.hqbert.server.v01.Supervisor.log 722 - 

2015-05-01 07:23:38,156  INFO [main] - uk.ac.qub.exjavaganza.hqbert.server.v01.Supervisor.log 722 - Update Complete
2015-05-01 07:23:48,150  INFO [main] - uk.ac.qub.exjavaganza.hqbert.server.v01.Supervisor.log 722 - CurrentTime: Fri May 01 07:23:48 BST 2015
2015-05-01 07:23:48,152  INFO [main] - uk.ac.qub.exjavaganza.hqbert.server.v01.Supervisor.log 722 - 

2015-05-01 07:23:48,163  INFO [main] - uk.ac.qub.exjavaganza.hqbert.server.v01.Supervisor.log 722 - Update Complete
2015-05-01 07:23:57,233  INFO [RMI TCP Connection(4)-143.117.232.219] - uk.ac.qub.exjavaganza.hqbert.server.v01.Supervisor.log 722 - Joe Blogs to Treatment room  0
2015-05-01 07:23:58,150  INFO [main] - uk.ac.qub.exjavaganza.hqbert.server.v01.Supervisor.log 722 - Tom Jones has left Treatment Room 1
2015-05-01 07:23:58,153  INFO [main] - uk.ac.qub.exjavaganza.hqbert.server.v01.Supervisor.log 722 - CurrentTime: Fri May 01 07:23:58 BST 2015
2015-05-01 07:23:58,154  INFO [main] - uk.ac.qub.exjavaganza.hqbert.server.v01.Supervisor.log 722 - 

2015-05-01 07:23:58,158  INFO [main] - uk.ac.qub.exjavaganza.hqbert.server.v01.Supervisor.log 722 - Update Complete
2015-05-01 07:24:08,150  INFO [main] - uk.ac.qub.exjavaganza.hqbert.server.v01.Supervisor.log 722 - Ted Bishop has left Treatment Room 2
2015-05-01 07:24:08,155  INFO [main] - uk.ac.qub.exjavaganza.hqbert.server.v01.Supervisor.log 722 - CurrentTime: Fri May 01 07:24:08 BST 2015
2015-05-01 07:24:08,156  INFO [main] - uk.ac.qub.exjavaganza.hqbert.server.v01.Supervisor.log 722 - 

2015-05-01 07:24:08,163  INFO [main] - uk.ac.qub.exjavaganza.hqbert.server.v01.Supervisor.log 722 - Update Complete
2015-05-01 07:24:15,274  INFO [RMI TCP Connection(4)-143.117.232.219] - uk.ac.qub.exjavaganza.hqbert.server.v01.Supervisor.log 722 - John McKee to Treatment room  0
2015-05-01 07:24:18,150  INFO [main] - uk.ac.qub.exjavaganza.hqbert.server.v01.Supervisor.log 722 - CurrentTime: Fri May 01 07:24:18 BST 2015
2015-05-01 07:24:18,152  INFO [main] - uk.ac.qub.exjavaganza.hqbert.server.v01.Supervisor.log 722 - 

2015-05-01 07:24:18,158  INFO [main] - uk.ac.qub.exjavaganza.hqbert.server.v01.Supervisor.log 722 - Update Complete
2015-05-01 07:24:28,150  INFO [main] - uk.ac.qub.exjavaganza.hqbert.server.v01.Supervisor.log 722 - CurrentTime: Fri May 01 07:24:28 BST 2015
2015-05-01 07:24:28,152  INFO [main] - uk.ac.qub.exjavaganza.hqbert.server.v01.Supervisor.log 722 - 

2015-05-01 07:24:28,171  INFO [main] - uk.ac.qub.exjavaganza.hqbert.server.v01.Supervisor.log 722 - Update Complete
2015-05-01 07:24:32,716  INFO [RMI TCP Connection(4)-143.117.232.219] - uk.ac.qub.exjavaganza.hqbert.server.v01.Supervisor.log 722 - Tom Jones to Treatment room  0
2015-05-01 07:24:38,150  INFO [main] - uk.ac.qub.exjavaganza.hqbert.server.v01.Supervisor.log 722 - CurrentTime: Fri May 01 07:24:38 BST 2015
2015-05-01 07:24:38,152  INFO [main] - uk.ac.qub.exjavaganza.hqbert.server.v01.Supervisor.log 722 - 

2015-05-01 07:24:38,169  INFO [main] - uk.ac.qub.exjavaganza.hqbert.server.v01.Supervisor.log 722 - Update Complete
2015-05-01 07:24:48,150  INFO [main] - uk.ac.qub.exjavaganza.hqbert.server.v01.Supervisor.log 722 - CurrentTime: Fri May 01 07:24:48 BST 2015
2015-05-01 07:24:48,152  INFO [main] - uk.ac.qub.exjavaganza.hqbert.server.v01.Supervisor.log 722 - 

2015-05-01 07:24:48,159  INFO [main] - uk.ac.qub.exjavaganza.hqbert.server.v01.Supervisor.log 722 - Update Complete
2015-05-01 07:24:50,715  INFO [RMI TCP Connection(4)-143.117.232.219] - uk.ac.qub.exjavaganza.hqbert.server.v01.Supervisor.log 722 - Ted Bishop to Treatment room  0
2015-05-01 07:24:58,150  INFO [main] - uk.ac.qub.exjavaganza.hqbert.server.v01.Supervisor.log 722 - CurrentTime: Fri May 01 07:24:58 BST 2015
2015-05-01 07:24:58,152  INFO [main] - uk.ac.qub.exjavaganza.hqbert.server.v01.Supervisor.log 722 - 

2015-05-01 07:24:58,162  INFO [main] - uk.ac.qub.exjavaganza.hqbert.server.v01.Supervisor.log 722 - Update Complete
2015-05-01 07:25:08,151  INFO [main] - uk.ac.qub.exjavaganza.hqbert.server.v01.Supervisor.log 722 - CurrentTime: Fri May 01 07:25:08 BST 2015
2015-05-01 07:25:08,153  INFO [main] - uk.ac.qub.exjavaganza.hqbert.server.v01.Supervisor.log 722 - 

2015-05-01 07:25:08,165  INFO [main] - uk.ac.qub.exjavaganza.hqbert.server.v01.Supervisor.log 722 - Update Complete
2015-05-01 07:25:08,595  INFO [RMI TCP Connection(4)-143.117.232.219] - uk.ac.qub.exjavaganza.hqbert.server.v01.Supervisor.log 722 - Clare Child to Treatment room  0
2015-05-01 07:25:18,150  INFO [main] - uk.ac.qub.exjavaganza.hqbert.server.v01.Supervisor.log 722 - CurrentTime: Fri May 01 07:25:18 BST 2015
2015-05-01 07:25:18,153  INFO [main] - uk.ac.qub.exjavaganza.hqbert.server.v01.Supervisor.log 722 - 

2015-05-01 07:25:18,160  INFO [main] - uk.ac.qub.exjavaganza.hqbert.server.v01.Supervisor.log 722 - Update Complete
2015-05-01 07:25:28,150  INFO [main] - uk.ac.qub.exjavaganza.hqbert.server.v01.Supervisor.log 722 - Joe Blogs has left Treatment Room 3
2015-05-01 07:25:28,153  INFO [main] - uk.ac.qub.exjavaganza.hqbert.server.v01.Supervisor.log 722 - CurrentTime: Fri May 01 07:25:28 BST 2015
2015-05-01 07:25:28,155  INFO [main] - uk.ac.qub.exjavaganza.hqbert.server.v01.Supervisor.log 722 - 

2015-05-01 07:25:28,165  INFO [main] - uk.ac.qub.exjavaganza.hqbert.server.v01.Supervisor.log 722 - Update Complete
2015-05-01 07:25:34,014  INFO [RMI TCP Connection(4)-143.117.232.219] - uk.ac.qub.exjavaganza.hqbert.server.v01.Supervisor.log 722 - Winston Wolfe to Treatment room  0
2015-05-01 07:25:38,150  INFO [main] - uk.ac.qub.exjavaganza.hqbert.server.v01.Supervisor.log 722 - CurrentTime: Fri May 01 07:25:38 BST 2015
2015-05-01 07:25:38,152  INFO [main] - uk.ac.qub.exjavaganza.hqbert.server.v01.Supervisor.log 722 - 

2015-05-01 07:25:38,162  INFO [main] - uk.ac.qub.exjavaganza.hqbert.server.v01.Supervisor.log 722 - Update Complete
2015-05-01 07:25:48,150  INFO [main] - uk.ac.qub.exjavaganza.hqbert.server.v01.Supervisor.log 722 - John McKee has left Treatment Room 1
2015-05-01 07:25:48,152  INFO [main] - uk.ac.qub.exjavaganza.hqbert.server.v01.Supervisor.log 722 - CurrentTime: Fri May 01 07:25:48 BST 2015
2015-05-01 07:25:48,154  INFO [main] - uk.ac.qub.exjavaganza.hqbert.server.v01.Supervisor.log 722 - 

2015-05-01 07:25:48,160  INFO [main] - uk.ac.qub.exjavaganza.hqbert.server.v01.Supervisor.log 722 - Update Complete
2015-05-01 07:25:49,130  INFO [RMI TCP Connection(4)-143.117.232.219] - uk.ac.qub.exjavaganza.hqbert.server.v01.Supervisor.log 722 - Tom Smith to Treatment room  0
2015-05-01 07:25:58,150  INFO [main] - uk.ac.qub.exjavaganza.hqbert.server.v01.Supervisor.log 722 - CurrentTime: Fri May 01 07:25:58 BST 2015
2015-05-01 07:25:58,154  INFO [main] - uk.ac.qub.exjavaganza.hqbert.server.v01.Supervisor.log 722 - 

2015-05-01 07:25:58,166  INFO [main] - uk.ac.qub.exjavaganza.hqbert.server.v01.Supervisor.log 722 - Update Complete
2015-05-01 07:26:08,150  INFO [main] - uk.ac.qub.exjavaganza.hqbert.server.v01.Supervisor.log 722 - Tom Jones has left Treatment Room 2
2015-05-01 07:26:08,152  INFO [main] - uk.ac.qub.exjavaganza.hqbert.server.v01.Supervisor.log 722 - Stacey McMoose to Treatment room  0
2015-05-01 07:35:07,567  INFO [main] - uk.ac.qub.exjavaganza.hqbert.server.v01.Supervisor.log 722 - CurrentTime: Fri May 01 07:35:07 BST 2015
2015-05-01 07:35:07,573  INFO [main] - uk.ac.qub.exjavaganza.hqbert.server.v01.Supervisor.log 722 - 

2015-05-01 07:35:07,579  INFO [main] - uk.ac.qub.exjavaganza.hqbert.server.v01.Supervisor.log 722 - Update Complete
2015-05-01 07:35:17,559  INFO [main] - uk.ac.qub.exjavaganza.hqbert.server.v01.Supervisor.log 722 - CurrentTime: Fri May 01 07:35:17 BST 2015
2015-05-01 07:35:17,559  INFO [main] - uk.ac.qub.exjavaganza.hqbert.server.v01.Supervisor.log 722 - 

2015-05-01 07:35:17,559  INFO [main] - uk.ac.qub.exjavaganza.hqbert.server.v01.Supervisor.log 722 - Update Complete
2015-05-01 07:35:27,558  INFO [main] - uk.ac.qub.exjavaganza.hqbert.server.v01.Supervisor.log 722 - CurrentTime: Fri May 01 07:35:27 BST 2015
2015-05-01 07:35:27,559  INFO [main] - uk.ac.qub.exjavaganza.hqbert.server.v01.Supervisor.log 722 - 

2015-05-01 07:35:27,559  INFO [main] - uk.ac.qub.exjavaganza.hqbert.server.v01.Supervisor.log 722 - Update Complete
2015-05-01 07:35:37,558  INFO [main] - uk.ac.qub.exjavaganza.hqbert.server.v01.Supervisor.log 722 - CurrentTime: Fri May 01 07:35:37 BST 2015
2015-05-01 07:35:37,567  INFO [main] - uk.ac.qub.exjavaganza.hqbert.server.v01.Supervisor.log 722 - 

2015-05-01 07:35:37,606  INFO [main] - uk.ac.qub.exjavaganza.hqbert.server.v01.Supervisor.log 722 - Update Complete
2015-05-01 07:35:47,558  INFO [main] - uk.ac.qub.exjavaganza.hqbert.server.v01.Supervisor.log 722 - CurrentTime: Fri May 01 07:35:47 BST 2015
2015-05-01 07:35:47,561  INFO [main] - uk.ac.qub.exjavaganza.hqbert.server.v01.Supervisor.log 722 - 

2015-05-01 07:35:47,587  INFO [main] - uk.ac.qub.exjavaganza.hqbert.server.v01.Supervisor.log 722 - Update Complete
2015-05-01 07:35:57,565  INFO [main] - uk.ac.qub.exjavaganza.hqbert.server.v01.Supervisor.log 722 - CurrentTime: Fri May 01 07:35:57 BST 2015
2015-05-01 07:35:57,570  INFO [main] - uk.ac.qub.exjavaganza.hqbert.server.v01.Supervisor.log 722 - 

2015-05-01 07:35:57,575  INFO [main] - uk.ac.qub.exjavaganza.hqbert.server.v01.Supervisor.log 722 - Update Complete
2015-05-01 07:36:07,558  INFO [main] - uk.ac.qub.exjavaganza.hqbert.server.v01.Supervisor.log 722 - CurrentTime: Fri May 01 07:36:07 BST 2015
2015-05-01 07:36:07,561  INFO [main] - uk.ac.qub.exjavaganza.hqbert.server.v01.Supervisor.log 722 - 

2015-05-01 07:36:07,580  INFO [main] - uk.ac.qub.exjavaganza.hqbert.server.v01.Supervisor.log 722 - Update Complete
2015-05-01 07:36:16,669  INFO [RMI TCP Connection(4)-143.117.232.219] - uk.ac.qub.exjavaganza.hqbert.server.v01.Supervisor.log 722 - Tom Jones to Treatment room  0
2015-05-01 07:36:17,559  INFO [main] - uk.ac.qub.exjavaganza.hqbert.server.v01.Supervisor.log 722 - CurrentTime: Fri May 01 07:36:17 BST 2015
2015-05-01 07:36:17,563  INFO [main] - uk.ac.qub.exjavaganza.hqbert.server.v01.Supervisor.log 722 - 

2015-05-01 07:36:17,568  INFO [main] - uk.ac.qub.exjavaganza.hqbert.server.v01.Supervisor.log 722 - Update Complete
2015-05-01 07:36:27,558  INFO [main] - uk.ac.qub.exjavaganza.hqbert.server.v01.Supervisor.log 722 - CurrentTime: Fri May 01 07:36:27 BST 2015
2015-05-01 07:36:27,563  INFO [main] - uk.ac.qub.exjavaganza.hqbert.server.v01.Supervisor.log 722 - 

2015-05-01 07:36:27,569  INFO [main] - uk.ac.qub.exjavaganza.hqbert.server.v01.Supervisor.log 722 - Update Complete
2015-05-01 07:36:37,558  INFO [main] - uk.ac.qub.exjavaganza.hqbert.server.v01.Supervisor.log 722 - CurrentTime: Fri May 01 07:36:37 BST 2015
2015-05-01 07:36:37,572  INFO [main] - uk.ac.qub.exjavaganza.hqbert.server.v01.Supervisor.log 722 - 

2015-05-01 07:36:37,592  INFO [main] - uk.ac.qub.exjavaganza.hqbert.server.v01.Supervisor.log 722 - Update Complete
2015-05-01 07:36:38,041  INFO [RMI TCP Connection(4)-143.117.232.219] - uk.ac.qub.exjavaganza.hqbert.server.v01.Supervisor.log 722 - Ted Bishop to Treatment room  0
2015-05-01 07:36:46,154  INFO [RMI TCP Connection(4)-143.117.232.219] - uk.ac.qub.exjavaganza.hqbert.server.v01.Supervisor.log 722 - Clare Child to Treatment room  0
2015-05-01 07:36:47,558  INFO [main] - uk.ac.qub.exjavaganza.hqbert.server.v01.Supervisor.log 722 - CurrentTime: Fri May 01 07:36:47 BST 2015
2015-05-01 07:36:47,561  INFO [main] - uk.ac.qub.exjavaganza.hqbert.server.v01.Supervisor.log 722 - 

2015-05-01 07:36:47,569  INFO [main] - uk.ac.qub.exjavaganza.hqbert.server.v01.Supervisor.log 722 - Update Complete
2015-05-01 07:36:57,133  INFO [RMI TCP Connection(4)-143.117.232.219] - uk.ac.qub.exjavaganza.hqbert.server.v01.Supervisor.log 722 - Joe Blogs to Treatment room  0
2015-05-01 07:36:57,559  INFO [main] - uk.ac.qub.exjavaganza.hqbert.server.v01.Supervisor.log 722 - CurrentTime: Fri May 01 07:36:57 BST 2015
2015-05-01 07:36:57,574  INFO [main] - uk.ac.qub.exjavaganza.hqbert.server.v01.Supervisor.log 722 - 

2015-05-01 07:36:57,585  INFO [main] - uk.ac.qub.exjavaganza.hqbert.server.v01.Supervisor.log 722 - Update Complete
2015-05-01 07:37:06,280  INFO [RMI TCP Connection(4)-143.117.232.219] - uk.ac.qub.exjavaganza.hqbert.server.v01.Supervisor.log 722 - John McKee to Treatment room  0
2015-05-01 07:37:07,560  INFO [main] - uk.ac.qub.exjavaganza.hqbert.server.v01.Supervisor.log 722 - CurrentTime: Fri May 01 07:37:07 BST 2015
2015-05-01 07:37:07,562  INFO [main] - uk.ac.qub.exjavaganza.hqbert.server.v01.Supervisor.log 722 - 

2015-05-01 07:37:07,573  INFO [main] - uk.ac.qub.exjavaganza.hqbert.server.v01.Supervisor.log 722 - Update Complete
2015-05-01 07:37:17,559  INFO [main] - uk.ac.qub.exjavaganza.hqbert.server.v01.Supervisor.log 722 - CurrentTime: Fri May 01 07:37:17 BST 2015
2015-05-01 07:37:17,562  INFO [main] - uk.ac.qub.exjavaganza.hqbert.server.v01.Supervisor.log 722 - 

2015-05-01 07:37:17,575  INFO [main] - uk.ac.qub.exjavaganza.hqbert.server.v01.Supervisor.log 722 - Update Complete
2015-05-01 07:37:26,339  INFO [RMI TCP Connection(4)-143.117.232.219] - uk.ac.qub.exjavaganza.hqbert.server.v01.Supervisor.log 722 - John back in queue
2015-05-01 07:37:26,341  INFO [RMI TCP Connection(4)-143.117.232.219] - uk.ac.qub.exjavaganza.hqbert.server.v01.Supervisor.log 722 - Winston Wolfe to Treatment room  4
2015-05-01 07:37:27,560  INFO [main] - uk.ac.qub.exjavaganza.hqbert.server.v01.Supervisor.log 722 - CurrentTime: Fri May 01 07:37:27 BST 2015
2015-05-01 07:37:27,563  INFO [main] - uk.ac.qub.exjavaganza.hqbert.server.v01.Supervisor.log 722 - John : URGENT : true : 1
2015-05-01 07:37:27,565  INFO [main] - uk.ac.qub.exjavaganza.hqbert.server.v01.Supervisor.log 722 - 

2015-05-01 07:37:27,588  INFO [main] - uk.ac.qub.exjavaganza.hqbert.server.v01.Supervisor.log 722 - Update Complete
2015-05-01 07:37:37,566  INFO [main] - uk.ac.qub.exjavaganza.hqbert.server.v01.Supervisor.log 722 - CurrentTime: Fri May 01 07:37:37 BST 2015
2015-05-01 07:37:37,571  INFO [main] - uk.ac.qub.exjavaganza.hqbert.server.v01.Supervisor.log 722 - John : URGENT : true : 2
2015-05-01 07:37:37,573  INFO [main] - uk.ac.qub.exjavaganza.hqbert.server.v01.Supervisor.log 722 - 

2015-05-01 07:37:37,592  INFO [main] - uk.ac.qub.exjavaganza.hqbert.server.v01.Supervisor.log 722 - Update Complete
2015-05-01 07:37:47,564  INFO [main] - uk.ac.qub.exjavaganza.hqbert.server.v01.Supervisor.log 722 - Tom Jones has left Treatment Room 1
2015-05-01 07:37:47,567  INFO [main] - uk.ac.qub.exjavaganza.hqbert.server.v01.Supervisor.log 722 - John McKee to Treatment room  0
2015-05-01 07:37:47,569  INFO [main] - uk.ac.qub.exjavaganza.hqbert.server.v01.Supervisor.log 722 - CurrentTime: Fri May 01 07:37:47 BST 2015
2015-05-01 07:37:47,571  INFO [main] - uk.ac.qub.exjavaganza.hqbert.server.v01.Supervisor.log 722 - 

2015-05-01 07:37:47,575  INFO [main] - uk.ac.qub.exjavaganza.hqbert.server.v01.Supervisor.log 722 - Update Complete
2015-05-01 07:37:57,564  INFO [main] - uk.ac.qub.exjavaganza.hqbert.server.v01.Supervisor.log 722 - CurrentTime: Fri May 01 07:37:57 BST 2015
2015-05-01 07:37:57,575  INFO [main] - uk.ac.qub.exjavaganza.hqbert.server.v01.Supervisor.log 722 - 

2015-05-01 07:37:57,593  INFO [main] - uk.ac.qub.exjavaganza.hqbert.server.v01.Supervisor.log 722 - Update Complete
2015-05-01 07:38:07,575  INFO [main] - uk.ac.qub.exjavaganza.hqbert.server.v01.Supervisor.log 722 - CurrentTime: Fri May 01 07:38:07 BST 2015
2015-05-01 07:38:07,576  INFO [main] - uk.ac.qub.exjavaganza.hqbert.server.v01.Supervisor.log 722 - 

2015-05-01 07:38:07,582  INFO [main] - uk.ac.qub.exjavaganza.hqbert.server.v01.Supervisor.log 722 - Update Complete
2015-05-01 07:38:17,564  INFO [main] - uk.ac.qub.exjavaganza.hqbert.server.v01.Supervisor.log 722 - Ted Bishop has left Treatment Room 2
2015-05-01 07:38:17,566  INFO [main] - uk.ac.qub.exjavaganza.hqbert.server.v01.Supervisor.log 722 - Clare Child has left Treatment Room 3
2015-05-01 07:38:17,567  INFO [main] - uk.ac.qub.exjavaganza.hqbert.server.v01.Supervisor.log 722 - CurrentTime: Fri May 01 07:38:17 BST 2015
2015-05-01 07:38:17,569  INFO [main] - uk.ac.qub.exjavaganza.hqbert.server.v01.Supervisor.log 722 - 

2015-05-01 07:38:17,581  INFO [main] - uk.ac.qub.exjavaganza.hqbert.server.v01.Supervisor.log 722 - Update Complete
2015-05-01 07:38:27,564  INFO [main] - uk.ac.qub.exjavaganza.hqbert.server.v01.Supervisor.log 722 - Joe Blogs has left Treatment Room 4
2015-05-01 07:38:27,566  INFO [main] - uk.ac.qub.exjavaganza.hqbert.server.v01.Supervisor.log 722 - CurrentTime: Fri May 01 07:38:27 BST 2015
2015-05-01 07:38:27,567  INFO [main] - uk.ac.qub.exjavaganza.hqbert.server.v01.Supervisor.log 722 - 

2015-05-01 07:38:27,573  INFO [main] - uk.ac.qub.exjavaganza.hqbert.server.v01.Supervisor.log 722 - Update Complete
2015-05-01 07:38:37,564  INFO [main] - uk.ac.qub.exjavaganza.hqbert.server.v01.Supervisor.log 722 - CurrentTime: Fri May 01 07:38:37 BST 2015
2015-05-01 07:38:37,568  INFO [main] - uk.ac.qub.exjavaganza.hqbert.server.v01.Supervisor.log 722 - 

2015-05-01 07:38:37,596  INFO [main] - uk.ac.qub.exjavaganza.hqbert.server.v01.Supervisor.log 722 - Update Complete
2015-05-01 07:38:47,564  INFO [main] - uk.ac.qub.exjavaganza.hqbert.server.v01.Supervisor.log 722 - CurrentTime: Fri May 01 07:38:47 BST 2015
2015-05-01 07:38:47,566  INFO [main] - uk.ac.qub.exjavaganza.hqbert.server.v01.Supervisor.log 722 - 

2015-05-01 07:38:47,580  INFO [main] - uk.ac.qub.exjavaganza.hqbert.server.v01.Supervisor.log 722 - Update Complete
2015-05-01 07:38:57,564  INFO [main] - uk.ac.qub.exjavaganza.hqbert.server.v01.Supervisor.log 722 - Winston Wolfe has left Treatment Room 5
2015-05-01 07:38:57,568  INFO [main] - uk.ac.qub.exjavaganza.hqbert.server.v01.Supervisor.log 722 - CurrentTime: Fri May 01 07:38:57 BST 2015
2015-05-01 07:38:57,572  INFO [main] - uk.ac.qub.exjavaganza.hqbert.server.v01.Supervisor.log 722 - 

2015-05-01 07:38:57,585  INFO [main] - uk.ac.qub.exjavaganza.hqbert.server.v01.Supervisor.log 722 - Update Complete
2015-05-01 07:39:07,564  INFO [main] - uk.ac.qub.exjavaganza.hqbert.server.v01.Supervisor.log 722 - CurrentTime: Fri May 01 07:39:07 BST 2015
2015-05-01 07:39:07,568  INFO [main] - uk.ac.qub.exjavaganza.hqbert.server.v01.Supervisor.log 722 - 

2015-05-01 07:39:07,573  INFO [main] - uk.ac.qub.exjavaganza.hqbert.server.v01.Supervisor.log 722 - Update Complete
2015-05-01 07:39:17,564  INFO [main] - uk.ac.qub.exjavaganza.hqbert.server.v01.Supervisor.log 722 - CurrentTime: Fri May 01 07:39:17 BST 2015
2015-05-01 07:39:17,566  INFO [main] - uk.ac.qub.exjavaganza.hqbert.server.v01.Supervisor.log 722 - 

2015-05-01 07:39:17,569  INFO [main] - uk.ac.qub.exjavaganza.hqbert.server.v01.Supervisor.log 722 - Update Complete
2015-05-01 07:39:27,564  INFO [main] - uk.ac.qub.exjavaganza.hqbert.server.v01.Supervisor.log 722 - John McKee has left Treatment Room 1
2015-05-01 07:39:27,566  INFO [main] - uk.ac.qub.exjavaganza.hqbert.server.v01.Supervisor.log 722 - CurrentTime: Fri May 01 07:39:27 BST 2015
2015-05-01 07:39:27,567  INFO [main] - uk.ac.qub.exjavaganza.hqbert.server.v01.Supervisor.log 722 - 

2015-05-01 07:39:27,571  INFO [main] - uk.ac.qub.exjavaganza.hqbert.server.v01.Supervisor.log 722 - Update Complete
2015-05-01 07:39:37,571  INFO [main] - uk.ac.qub.exjavaganza.hqbert.server.v01.Supervisor.log 722 - CurrentTime: Fri May 01 07:39:37 BST 2015
2015-05-01 07:39:37,576  INFO [main] - uk.ac.qub.exjavaganza.hqbert.server.v01.Supervisor.log 722 - 

2015-05-01 07:39:37,583  INFO [main] - uk.ac.qub.exjavaganza.hqbert.server.v01.Supervisor.log 722 - Update Complete
2015-05-01 07:39:47,568  INFO [main] - uk.ac.qub.exjavaganza.hqbert.server.v01.Supervisor.log 722 - CurrentTime: Fri May 01 07:39:47 BST 2015
2015-05-01 07:39:48,544  INFO [main] - uk.ac.qub.exjavaganza.hqbert.server.v01.Supervisor.log 722 - 

2015-05-01 07:39:50,443  INFO [main] - uk.ac.qub.exjavaganza.hqbert.server.v01.Supervisor.log 722 - Update Complete
2015-05-01 07:39:51,378  INFO [main] - uk.ac.qub.exjavaganza.hqbert.server.v01.Supervisor.logToFile 731 - Client connection issue: null removed from queue.
2015-05-01 07:44:53,902  INFO [main] - uk.ac.qub.exjavaganza.hqbert.server.v01.Supervisor.log 722 - CurrentTime: Fri May 01 07:44:53 BST 2015
2015-05-01 07:44:53,912  INFO [main] - uk.ac.qub.exjavaganza.hqbert.server.v01.Supervisor.log 722 - 

2015-05-01 07:44:53,927  INFO [main] - uk.ac.qub.exjavaganza.hqbert.server.v01.Supervisor.log 722 - Update Complete
2015-05-01 07:45:03,894  INFO [main] - uk.ac.qub.exjavaganza.hqbert.server.v01.Supervisor.log 722 - CurrentTime: Fri May 01 07:45:03 BST 2015
2015-05-01 07:45:03,895  INFO [main] - uk.ac.qub.exjavaganza.hqbert.server.v01.Supervisor.log 722 - 

2015-05-01 07:45:03,895  INFO [main] - uk.ac.qub.exjavaganza.hqbert.server.v01.Supervisor.log 722 - Update Complete
2015-05-01 07:45:13,900  INFO [main] - uk.ac.qub.exjavaganza.hqbert.server.v01.Supervisor.log 722 - CurrentTime: Fri May 01 07:45:13 BST 2015
2015-05-01 07:45:13,906  INFO [main] - uk.ac.qub.exjavaganza.hqbert.server.v01.Supervisor.log 722 - 

2015-05-01 07:45:13,907  INFO [main] - uk.ac.qub.exjavaganza.hqbert.server.v01.Supervisor.log 722 - Update Complete
2015-05-01 07:45:23,900  INFO [main] - uk.ac.qub.exjavaganza.hqbert.server.v01.Supervisor.log 722 - CurrentTime: Fri May 01 07:45:23 BST 2015
2015-05-01 07:45:23,902  INFO [main] - uk.ac.qub.exjavaganza.hqbert.server.v01.Supervisor.log 722 - 

2015-05-01 07:45:23,902  INFO [main] - uk.ac.qub.exjavaganza.hqbert.server.v01.Supervisor.log 722 - Update Complete
2015-05-01 07:45:33,899  INFO [main] - uk.ac.qub.exjavaganza.hqbert.server.v01.Supervisor.log 722 - CurrentTime: Fri May 01 07:45:33 BST 2015
2015-05-01 07:45:33,900  INFO [main] - uk.ac.qub.exjavaganza.hqbert.server.v01.Supervisor.log 722 - 

2015-05-01 07:45:33,900  INFO [main] - uk.ac.qub.exjavaganza.hqbert.server.v01.Supervisor.log 722 - Update Complete
2015-05-01 07:45:43,900  INFO [main] - uk.ac.qub.exjavaganza.hqbert.server.v01.Supervisor.log 722 - CurrentTime: Fri May 01 07:45:43 BST 2015
2015-05-01 07:45:43,905  INFO [main] - uk.ac.qub.exjavaganza.hqbert.server.v01.Supervisor.log 722 - 

2015-05-01 07:45:43,908  INFO [main] - uk.ac.qub.exjavaganza.hqbert.server.v01.Supervisor.log 722 - Update Complete
2015-05-01 07:45:53,899  INFO [main] - uk.ac.qub.exjavaganza.hqbert.server.v01.Supervisor.log 722 - CurrentTime: Fri May 01 07:45:53 BST 2015
2015-05-01 07:45:53,908  INFO [main] - uk.ac.qub.exjavaganza.hqbert.server.v01.Supervisor.log 722 - 

2015-05-01 07:45:54,035  INFO [main] - uk.ac.qub.exjavaganza.hqbert.server.v01.Supervisor.log 722 - Update Complete
2015-05-01 07:45:59,805  INFO [RMI TCP Connection(4)-143.117.232.219] - uk.ac.qub.exjavaganza.hqbert.server.v01.Supervisor.log 722 - Tom Jones to Treatment room  0
2015-05-01 07:46:03,902  INFO [main] - uk.ac.qub.exjavaganza.hqbert.server.v01.Supervisor.log 722 - CurrentTime: Fri May 01 07:46:03 BST 2015
2015-05-01 07:46:03,908  INFO [main] - uk.ac.qub.exjavaganza.hqbert.server.v01.Supervisor.log 722 - 

2015-05-01 07:46:03,924  INFO [main] - uk.ac.qub.exjavaganza.hqbert.server.v01.Supervisor.log 722 - Update Complete
2015-05-01 07:46:13,899  INFO [main] - uk.ac.qub.exjavaganza.hqbert.server.v01.Supervisor.log 722 - CurrentTime: Fri May 01 07:46:13 BST 2015
2015-05-01 07:46:13,907  INFO [main] - uk.ac.qub.exjavaganza.hqbert.server.v01.Supervisor.log 722 - 

2015-05-01 07:46:13,914  INFO [main] - uk.ac.qub.exjavaganza.hqbert.server.v01.Supervisor.log 722 - Update Complete
2015-05-01 07:46:23,899  INFO [main] - uk.ac.qub.exjavaganza.hqbert.server.v01.Supervisor.log 722 - CurrentTime: Fri May 01 07:46:23 BST 2015
2015-05-01 07:46:23,901  INFO [main] - uk.ac.qub.exjavaganza.hqbert.server.v01.Supervisor.log 722 - 

2015-05-01 07:46:23,914  INFO [main] - uk.ac.qub.exjavaganza.hqbert.server.v01.Supervisor.log 722 - Update Complete
2015-05-01 07:46:33,899  INFO [main] - uk.ac.qub.exjavaganza.hqbert.server.v01.Supervisor.log 722 - CurrentTime: Fri May 01 07:46:33 BST 2015
2015-05-01 07:46:33,901  INFO [main] - uk.ac.qub.exjavaganza.hqbert.server.v01.Supervisor.log 722 - 

2015-05-01 07:46:33,909  INFO [main] - uk.ac.qub.exjavaganza.hqbert.server.v01.Supervisor.log 722 - Update Complete
2015-05-01 07:46:43,899  INFO [main] - uk.ac.qub.exjavaganza.hqbert.server.v01.Supervisor.log 722 - CurrentTime: Fri May 01 07:46:43 BST 2015
2015-05-01 07:46:43,901  INFO [main] - uk.ac.qub.exjavaganza.hqbert.server.v01.Supervisor.log 722 - 

2015-05-01 07:46:43,908  INFO [main] - uk.ac.qub.exjavaganza.hqbert.server.v01.Supervisor.log 722 - Update Complete
2015-05-01 07:46:53,900  INFO [main] - uk.ac.qub.exjavaganza.hqbert.server.v01.Supervisor.log 722 - CurrentTime: Fri May 01 07:46:53 BST 2015
2015-05-01 07:46:53,902  INFO [main] - uk.ac.qub.exjavaganza.hqbert.server.v01.Supervisor.log 722 - 

2015-05-01 07:46:53,913  INFO [main] - uk.ac.qub.exjavaganza.hqbert.server.v01.Supervisor.log 722 - Update Complete
2015-05-01 07:47:03,899  INFO [main] - uk.ac.qub.exjavaganza.hqbert.server.v01.Supervisor.log 722 - CurrentTime: Fri May 01 07:47:03 BST 2015
2015-05-01 07:47:03,901  INFO [main] - uk.ac.qub.exjavaganza.hqbert.server.v01.Supervisor.log 722 - 

2015-05-01 07:47:03,907  INFO [main] - uk.ac.qub.exjavaganza.hqbert.server.v01.Supervisor.log 722 - Update Complete
2015-05-01 07:47:13,929  INFO [main] - uk.ac.qub.exjavaganza.hqbert.server.v01.Supervisor.log 722 - CurrentTime: Fri May 01 07:47:13 BST 2015
2015-05-01 07:47:13,931  INFO [main] - uk.ac.qub.exjavaganza.hqbert.server.v01.Supervisor.log 722 - 

2015-05-01 07:47:14,092  INFO [main] - uk.ac.qub.exjavaganza.hqbert.server.v01.Supervisor.log 722 - Update Complete
2015-05-01 07:47:23,915  INFO [main] - uk.ac.qub.exjavaganza.hqbert.server.v01.Supervisor.log 722 - CurrentTime: Fri May 01 07:47:23 BST 2015
2015-05-01 07:47:23,923  INFO [main] - uk.ac.qub.exjavaganza.hqbert.server.v01.Supervisor.log 722 - 

2015-05-01 07:47:23,928  INFO [main] - uk.ac.qub.exjavaganza.hqbert.server.v01.Supervisor.log 722 - Update Complete
2015-05-01 07:47:33,927  INFO [main] - uk.ac.qub.exjavaganza.hqbert.server.v01.Supervisor.log 722 - Tom Jones has left Treatment Room 1
2015-05-01 07:47:33,929  INFO [main] - uk.ac.qub.exjavaganza.hqbert.server.v01.Supervisor.log 722 - CurrentTime: Fri May 01 07:47:33 BST 2015
2015-05-01 07:47:33,932  INFO [main] - uk.ac.qub.exjavaganza.hqbert.server.v01.Supervisor.log 722 - 

2015-05-01 07:47:33,936  INFO [main] - uk.ac.qub.exjavaganza.hqbert.server.v01.Supervisor.log 722 - Update Complete
2015-05-01 07:47:43,928  INFO [main] - uk.ac.qub.exjavaganza.hqbert.server.v01.Supervisor.log 722 - CurrentTime: Fri May 01 07:47:43 BST 2015
2015-05-01 07:47:43,930  INFO [main] - uk.ac.qub.exjavaganza.hqbert.server.v01.Supervisor.log 722 - 

2015-05-01 07:47:43,934  INFO [main] - uk.ac.qub.exjavaganza.hqbert.server.v01.Supervisor.log 722 - Update Complete
2015-05-01 07:47:53,927  INFO [main] - uk.ac.qub.exjavaganza.hqbert.server.v01.Supervisor.log 722 - CurrentTime: Fri May 01 07:47:53 BST 2015
2015-05-01 07:47:53,932  INFO [main] - uk.ac.qub.exjavaganza.hqbert.server.v01.Supervisor.log 722 - 

2015-05-01 07:47:53,976  INFO [main] - uk.ac.qub.exjavaganza.hqbert.server.v01.Supervisor.log 722 - Update Complete
2015-05-01 07:47:58,565  INFO [RMI TCP Connection(6)-143.117.232.219] - uk.ac.qub.exjavaganza.hqbert.server.v01.Supervisor.log 722 - Tom Jones to Treatment room  0
2015-05-01 07:48:03,927  INFO [main] - uk.ac.qub.exjavaganza.hqbert.server.v01.Supervisor.log 722 - CurrentTime: Fri May 01 07:48:03 BST 2015
2015-05-01 07:48:03,939  INFO [main] - uk.ac.qub.exjavaganza.hqbert.server.v01.Supervisor.log 722 - 

2015-05-01 07:48:03,954  INFO [main] - uk.ac.qub.exjavaganza.hqbert.server.v01.Supervisor.log 722 - Update Complete
2015-05-01 07:48:13,928  INFO [main] - uk.ac.qub.exjavaganza.hqbert.server.v01.Supervisor.log 722 - CurrentTime: Fri May 01 07:48:13 BST 2015
2015-05-01 07:48:14,937  INFO [main] - uk.ac.qub.exjavaganza.hqbert.server.v01.Supervisor.log 722 - 

2015-05-01 07:48:16,932  INFO [main] - uk.ac.qub.exjavaganza.hqbert.server.v01.Supervisor.log 722 - Update Complete
2015-05-01 07:48:17,934  INFO [main] - uk.ac.qub.exjavaganza.hqbert.server.v01.Supervisor.logToFile 731 - Client connection issue: null removed from queue.
2015-05-01 07:51:10,478  INFO [main] - uk.ac.qub.exjavaganza.hqbert.server.v01.Supervisor.log 722 - CurrentTime: Fri May 01 07:51:10 BST 2015
2015-05-01 07:51:10,486  INFO [main] - uk.ac.qub.exjavaganza.hqbert.server.v01.Supervisor.log 722 - 

2015-05-01 07:51:10,488  INFO [main] - uk.ac.qub.exjavaganza.hqbert.server.v01.Supervisor.log 722 - Update Complete
2015-05-01 07:51:20,468  INFO [main] - uk.ac.qub.exjavaganza.hqbert.server.v01.Supervisor.log 722 - CurrentTime: Fri May 01 07:51:20 BST 2015
2015-05-01 07:51:20,472  INFO [main] - uk.ac.qub.exjavaganza.hqbert.server.v01.Supervisor.log 722 - 

2015-05-01 07:51:20,474  INFO [main] - uk.ac.qub.exjavaganza.hqbert.server.v01.Supervisor.log 722 - Update Complete
2015-05-01 07:51:30,468  INFO [main] - uk.ac.qub.exjavaganza.hqbert.server.v01.Supervisor.log 722 - CurrentTime: Fri May 01 07:51:30 BST 2015
2015-05-01 07:51:30,469  INFO [main] - uk.ac.qub.exjavaganza.hqbert.server.v01.Supervisor.log 722 - 

2015-05-01 07:51:30,469  INFO [main] - uk.ac.qub.exjavaganza.hqbert.server.v01.Supervisor.log 722 - Update Complete
2015-05-01 07:51:40,468  INFO [main] - uk.ac.qub.exjavaganza.hqbert.server.v01.Supervisor.log 722 - CurrentTime: Fri May 01 07:51:40 BST 2015
2015-05-01 07:51:40,469  INFO [main] - uk.ac.qub.exjavaganza.hqbert.server.v01.Supervisor.log 722 - 

2015-05-01 07:51:40,469  INFO [main] - uk.ac.qub.exjavaganza.hqbert.server.v01.Supervisor.log 722 - Update Complete
2015-05-01 07:51:50,468  INFO [main] - uk.ac.qub.exjavaganza.hqbert.server.v01.Supervisor.log 722 - CurrentTime: Fri May 01 07:51:50 BST 2015
2015-05-01 07:51:50,471  INFO [main] - uk.ac.qub.exjavaganza.hqbert.server.v01.Supervisor.log 722 - 

2015-05-01 07:51:50,472  INFO [main] - uk.ac.qub.exjavaganza.hqbert.server.v01.Supervisor.log 722 - Update Complete
2015-05-01 07:52:00,468  INFO [main] - uk.ac.qub.exjavaganza.hqbert.server.v01.Supervisor.log 722 - CurrentTime: Fri May 01 07:52:00 BST 2015
2015-05-01 07:52:00,471  INFO [main] - uk.ac.qub.exjavaganza.hqbert.server.v01.Supervisor.log 722 - 

2015-05-01 07:52:00,472  INFO [main] - uk.ac.qub.exjavaganza.hqbert.server.v01.Supervisor.log 722 - Update Complete
2015-05-01 07:52:10,468  INFO [main] - uk.ac.qub.exjavaganza.hqbert.server.v01.Supervisor.log 722 - CurrentTime: Fri May 01 07:52:10 BST 2015
2015-05-01 07:52:10,511  INFO [main] - uk.ac.qub.exjavaganza.hqbert.server.v01.Supervisor.log 722 - 

2015-05-01 07:52:10,566  INFO [main] - uk.ac.qub.exjavaganza.hqbert.server.v01.Supervisor.log 722 - Update Complete
2015-05-01 07:52:20,471  INFO [main] - uk.ac.qub.exjavaganza.hqbert.server.v01.Supervisor.log 722 - CurrentTime: Fri May 01 07:52:20 BST 2015
2015-05-01 07:52:20,476  INFO [main] - uk.ac.qub.exjavaganza.hqbert.server.v01.Supervisor.log 722 - 

2015-05-01 07:52:20,497  INFO [main] - uk.ac.qub.exjavaganza.hqbert.server.v01.Supervisor.log 722 - Update Complete
2015-05-01 07:52:30,470  INFO [main] - uk.ac.qub.exjavaganza.hqbert.server.v01.Supervisor.log 722 - CurrentTime: Fri May 01 07:52:30 BST 2015
2015-05-01 07:52:30,471  INFO [main] - uk.ac.qub.exjavaganza.hqbert.server.v01.Supervisor.log 722 - 

2015-05-01 07:52:30,516  INFO [main] - uk.ac.qub.exjavaganza.hqbert.server.v01.Supervisor.log 722 - Update Complete
2015-05-01 07:52:36,706  INFO [RMI TCP Connection(4)-143.117.232.219] - uk.ac.qub.exjavaganza.hqbert.server.v01.Supervisor.log 722 - Tom Jones to Treatment room  0
2015-05-01 07:52:40,468  INFO [main] - uk.ac.qub.exjavaganza.hqbert.server.v01.Supervisor.log 722 - CurrentTime: Fri May 01 07:52:40 BST 2015
2015-05-01 07:52:40,475  INFO [main] - uk.ac.qub.exjavaganza.hqbert.server.v01.Supervisor.log 722 - 

2015-05-01 07:52:40,484  INFO [main] - uk.ac.qub.exjavaganza.hqbert.server.v01.Supervisor.log 722 - Update Complete
2015-05-01 07:52:49,776  INFO [RMI TCP Connection(4)-143.117.232.219] - uk.ac.qub.exjavaganza.hqbert.server.v01.Supervisor.log 722 - Ted Bishop to Treatment room  0
2015-05-01 07:52:50,468  INFO [main] - uk.ac.qub.exjavaganza.hqbert.server.v01.Supervisor.log 722 - CurrentTime: Fri May 01 07:52:50 BST 2015
2015-05-01 07:52:50,476  INFO [main] - uk.ac.qub.exjavaganza.hqbert.server.v01.Supervisor.log 722 - 

2015-05-01 07:52:50,487  INFO [main] - uk.ac.qub.exjavaganza.hqbert.server.v01.Supervisor.log 722 - Update Complete
2015-05-01 07:53:00,468  INFO [main] - uk.ac.qub.exjavaganza.hqbert.server.v01.Supervisor.log 722 - CurrentTime: Fri May 01 07:53:00 BST 2015
2015-05-01 07:53:00,470  INFO [main] - uk.ac.qub.exjavaganza.hqbert.server.v01.Supervisor.log 722 - 

2015-05-01 07:53:00,483  INFO [main] - uk.ac.qub.exjavaganza.hqbert.server.v01.Supervisor.log 722 - Update Complete
2015-05-01 07:53:10,468  INFO [main] - uk.ac.qub.exjavaganza.hqbert.server.v01.Supervisor.log 722 - CurrentTime: Fri May 01 07:53:10 BST 2015
2015-05-01 07:53:10,474  INFO [main] - uk.ac.qub.exjavaganza.hqbert.server.v01.Supervisor.log 722 - 

2015-05-01 07:53:10,483  INFO [main] - uk.ac.qub.exjavaganza.hqbert.server.v01.Supervisor.log 722 - Update Complete
2015-05-01 07:53:20,468  INFO [main] - uk.ac.qub.exjavaganza.hqbert.server.v01.Supervisor.log 722 - CurrentTime: Fri May 01 07:53:20 BST 2015
2015-05-01 07:53:20,472  INFO [main] - uk.ac.qub.exjavaganza.hqbert.server.v01.Supervisor.log 722 - 

2015-05-01 07:53:20,479  INFO [main] - uk.ac.qub.exjavaganza.hqbert.server.v01.Supervisor.log 722 - Update Complete
2015-05-01 07:53:30,469  INFO [main] - uk.ac.qub.exjavaganza.hqbert.server.v01.Supervisor.log 722 - CurrentTime: Fri May 01 07:53:30 BST 2015
2015-05-01 07:53:31,396  INFO [main] - uk.ac.qub.exjavaganza.hqbert.server.v01.Supervisor.log 722 - 

2015-05-01 07:53:33,385  INFO [main] - uk.ac.qub.exjavaganza.hqbert.server.v01.Supervisor.log 722 - Update Complete
2015-05-01 07:53:34,295  INFO [main] - uk.ac.qub.exjavaganza.hqbert.server.v01.Supervisor.logToFile 731 - Client connection issue: null removed from queue.
2015-05-01 07:57:32,997  INFO [main] - uk.ac.qub.exjavaganza.hqbert.server.v01.Supervisor.log 722 - CurrentTime: Fri May 01 07:57:32 BST 2015
2015-05-01 07:57:33,002  INFO [main] - uk.ac.qub.exjavaganza.hqbert.server.v01.Supervisor.log 722 - 

2015-05-01 07:57:33,003  INFO [main] - uk.ac.qub.exjavaganza.hqbert.server.v01.Supervisor.log 722 - Update Complete
2015-05-01 07:57:42,989  INFO [main] - uk.ac.qub.exjavaganza.hqbert.server.v01.Supervisor.log 722 - CurrentTime: Fri May 01 07:57:42 BST 2015
2015-05-01 07:57:42,990  INFO [main] - uk.ac.qub.exjavaganza.hqbert.server.v01.Supervisor.log 722 - 

2015-05-01 07:57:42,990  INFO [main] - uk.ac.qub.exjavaganza.hqbert.server.v01.Supervisor.log 722 - Update Complete
2015-05-01 07:57:52,989  INFO [main] - uk.ac.qub.exjavaganza.hqbert.server.v01.Supervisor.log 722 - CurrentTime: Fri May 01 07:57:52 BST 2015
2015-05-01 07:57:52,992  INFO [main] - uk.ac.qub.exjavaganza.hqbert.server.v01.Supervisor.log 722 - 

2015-05-01 07:57:52,994  INFO [main] - uk.ac.qub.exjavaganza.hqbert.server.v01.Supervisor.log 722 - Update Complete
2015-05-01 07:58:03,013  INFO [main] - uk.ac.qub.exjavaganza.hqbert.server.v01.Supervisor.log 722 - CurrentTime: Fri May 01 07:58:03 BST 2015
2015-05-01 07:58:03,016  INFO [main] - uk.ac.qub.exjavaganza.hqbert.server.v01.Supervisor.log 722 - 

2015-05-01 07:58:03,017  INFO [main] - uk.ac.qub.exjavaganza.hqbert.server.v01.Supervisor.log 722 - Update Complete
2015-05-01 07:58:13,010  INFO [main] - uk.ac.qub.exjavaganza.hqbert.server.v01.Supervisor.log 722 - CurrentTime: Fri May 01 07:58:13 BST 2015
2015-05-01 07:58:13,012  INFO [main] - uk.ac.qub.exjavaganza.hqbert.server.v01.Supervisor.log 722 - 

2015-05-01 07:58:13,013  INFO [main] - uk.ac.qub.exjavaganza.hqbert.server.v01.Supervisor.log 722 - Update Complete
2015-05-01 07:58:21,751  INFO [RMI TCP Connection(4)-143.117.232.219] - uk.ac.qub.exjavaganza.hqbert.server.v01.Supervisor.log 722 - Ted Bishop to Treatment room  0
2015-05-01 07:58:23,010  INFO [main] - uk.ac.qub.exjavaganza.hqbert.server.v01.Supervisor.log 722 - CurrentTime: Fri May 01 07:58:23 BST 2015
2015-05-01 07:58:23,014  INFO [main] - uk.ac.qub.exjavaganza.hqbert.server.v01.Supervisor.log 722 - 

2015-05-01 07:58:23,032  INFO [main] - uk.ac.qub.exjavaganza.hqbert.server.v01.Supervisor.log 722 - Update Complete
2015-05-01 07:58:27,349  INFO [RMI TCP Connection(4)-143.117.232.219] - uk.ac.qub.exjavaganza.hqbert.server.v01.Supervisor.log 722 - John McKee to Treatment room  0
2015-05-01 07:58:33,014  INFO [main] - uk.ac.qub.exjavaganza.hqbert.server.v01.Supervisor.log 722 - CurrentTime: Fri May 01 07:58:33 BST 2015
2015-05-01 07:58:33,017  INFO [main] - uk.ac.qub.exjavaganza.hqbert.server.v01.Supervisor.log 722 - 

2015-05-01 07:58:33,032  INFO [main] - uk.ac.qub.exjavaganza.hqbert.server.v01.Supervisor.log 722 - Update Complete
2015-05-01 07:58:33,732  INFO [RMI TCP Connection(4)-143.117.232.219] - uk.ac.qub.exjavaganza.hqbert.server.v01.Supervisor.log 722 - John McKee to Treatment room  0
2015-05-01 07:58:42,696  INFO [RMI TCP Connection(4)-143.117.232.219] - uk.ac.qub.exjavaganza.hqbert.server.v01.Supervisor.log 722 - Tom Jones to Treatment room  0
2015-05-01 07:58:43,013  INFO [main] - uk.ac.qub.exjavaganza.hqbert.server.v01.Supervisor.log 722 - CurrentTime: Fri May 01 07:58:43 BST 2015
2015-05-01 07:58:43,019  INFO [main] - uk.ac.qub.exjavaganza.hqbert.server.v01.Supervisor.log 722 - 

2015-05-01 07:58:43,031  INFO [main] - uk.ac.qub.exjavaganza.hqbert.server.v01.Supervisor.log 722 - Update Complete
2015-05-01 07:58:51,825  INFO [RMI TCP Connection(4)-143.117.232.219] - uk.ac.qub.exjavaganza.hqbert.server.v01.Supervisor.log 722 - Winston Wolfe to Treatment room  0
2015-05-01 07:58:53,014  INFO [main] - uk.ac.qub.exjavaganza.hqbert.server.v01.Supervisor.log 722 - CurrentTime: Fri May 01 07:58:53 BST 2015
2015-05-01 07:58:53,017  INFO [main] - uk.ac.qub.exjavaganza.hqbert.server.v01.Supervisor.log 722 - 

2015-05-01 07:58:53,043  INFO [main] - uk.ac.qub.exjavaganza.hqbert.server.v01.Supervisor.log 722 - Update Complete
2015-05-01 07:59:03,015  INFO [main] - uk.ac.qub.exjavaganza.hqbert.server.v01.Supervisor.log 722 - CurrentTime: Fri May 01 07:59:03 BST 2015
2015-05-01 07:59:03,021  INFO [main] - uk.ac.qub.exjavaganza.hqbert.server.v01.Supervisor.log 722 - Joe : URGENT : false : 1
2015-05-01 07:59:03,029  INFO [main] - uk.ac.qub.exjavaganza.hqbert.server.v01.Supervisor.log 722 - 

2015-05-01 07:59:03,049  INFO [main] - uk.ac.qub.exjavaganza.hqbert.server.v01.Supervisor.log 722 - Update Complete
2015-05-01 07:59:13,013  INFO [main] - uk.ac.qub.exjavaganza.hqbert.server.v01.Supervisor.log 722 - CurrentTime: Fri May 01 07:59:13 BST 2015
2015-05-01 07:59:13,015  INFO [main] - uk.ac.qub.exjavaganza.hqbert.server.v01.Supervisor.log 722 - Joe : URGENT : false : 2
2015-05-01 07:59:13,016  INFO [main] - uk.ac.qub.exjavaganza.hqbert.server.v01.Supervisor.log 722 - 

2015-05-01 07:59:13,024  INFO [main] - uk.ac.qub.exjavaganza.hqbert.server.v01.Supervisor.log 722 - Update Complete
2015-05-01 07:59:23,014  INFO [main] - uk.ac.qub.exjavaganza.hqbert.server.v01.Supervisor.log 722 - CurrentTime: Fri May 01 07:59:23 BST 2015
2015-05-01 07:59:23,018  INFO [main] - uk.ac.qub.exjavaganza.hqbert.server.v01.Supervisor.log 722 - Joe : URGENT : false : 3
2015-05-01 07:59:23,020  INFO [main] - uk.ac.qub.exjavaganza.hqbert.server.v01.Supervisor.log 722 - 

2015-05-01 07:59:23,052  INFO [main] - uk.ac.qub.exjavaganza.hqbert.server.v01.Supervisor.log 722 - Update Complete
2015-05-01 07:59:33,014  INFO [main] - uk.ac.qub.exjavaganza.hqbert.server.v01.Supervisor.log 722 - CurrentTime: Fri May 01 07:59:33 BST 2015
2015-05-01 07:59:33,016  INFO [main] - uk.ac.qub.exjavaganza.hqbert.server.v01.Supervisor.log 722 - Joe : URGENT : false : 4
2015-05-01 07:59:33,018  INFO [main] - uk.ac.qub.exjavaganza.hqbert.server.v01.Supervisor.log 722 - 

2015-05-01 07:59:33,025  INFO [main] - uk.ac.qub.exjavaganza.hqbert.server.v01.Supervisor.log 722 - Update Complete
2015-05-01 07:59:43,013  INFO [main] - uk.ac.qub.exjavaganza.hqbert.server.v01.Supervisor.log 722 - CurrentTime: Fri May 01 07:59:43 BST 2015
2015-05-01 07:59:43,936  INFO [main] - uk.ac.qub.exjavaganza.hqbert.server.v01.Supervisor.log 722 - Joe : URGENT : false : 5
2015-05-01 07:59:44,873  INFO [main] - uk.ac.qub.exjavaganza.hqbert.server.v01.Supervisor.log 722 - 

2015-05-01 07:59:46,935  INFO [main] - uk.ac.qub.exjavaganza.hqbert.server.v01.Supervisor.logToFile 731 - Client connection issue: null removed from queue.
2015-05-01 07:59:46,936  INFO [main] - uk.ac.qub.exjavaganza.hqbert.server.v01.Supervisor.log 722 - Update Complete
2015-05-01 07:59:53,013  INFO [main] - uk.ac.qub.exjavaganza.hqbert.server.v01.Supervisor.log 722 - Ted Bishop has left Treatment Room 1
2015-05-01 07:59:53,017  INFO [main] - uk.ac.qub.exjavaganza.hqbert.server.v01.Supervisor.log 722 - Joe Blogs to Treatment room  0
2015-05-01 07:59:53,027  INFO [main] - uk.ac.qub.exjavaganza.hqbert.server.v01.Supervisor.log 722 - CurrentTime: Fri May 01 07:59:53 BST 2015
2015-05-01 07:59:53,027  INFO [main] - uk.ac.qub.exjavaganza.hqbert.server.v01.Supervisor.log 722 - 

2015-05-01 07:59:53,031  INFO [main] - uk.ac.qub.exjavaganza.hqbert.server.v01.Supervisor.log 722 - Update Complete
2015-05-01 08:03:11,019  INFO [main] - uk.ac.qub.exjavaganza.hqbert.server.v01.Supervisor.log 722 - CurrentTime: Fri May 01 08:03:11 BST 2015
2015-05-01 08:03:11,025  INFO [main] - uk.ac.qub.exjavaganza.hqbert.server.v01.Supervisor.log 722 - 

2015-05-01 08:03:11,030  INFO [main] - uk.ac.qub.exjavaganza.hqbert.server.v01.Supervisor.log 722 - Update Complete
2015-05-01 08:03:21,011  INFO [main] - uk.ac.qub.exjavaganza.hqbert.server.v01.Supervisor.log 722 - CurrentTime: Fri May 01 08:03:21 BST 2015
2015-05-01 08:03:21,012  INFO [main] - uk.ac.qub.exjavaganza.hqbert.server.v01.Supervisor.log 722 - 

2015-05-01 08:03:21,012  INFO [main] - uk.ac.qub.exjavaganza.hqbert.server.v01.Supervisor.log 722 - Update Complete
2015-05-01 08:03:31,011  INFO [main] - uk.ac.qub.exjavaganza.hqbert.server.v01.Supervisor.log 722 - CurrentTime: Fri May 01 08:03:31 BST 2015
2015-05-01 08:03:31,012  INFO [main] - uk.ac.qub.exjavaganza.hqbert.server.v01.Supervisor.log 722 - 

2015-05-01 08:03:31,013  INFO [main] - uk.ac.qub.exjavaganza.hqbert.server.v01.Supervisor.log 722 - Update Complete
2015-05-01 08:03:41,012  INFO [main] - uk.ac.qub.exjavaganza.hqbert.server.v01.Supervisor.log 722 - CurrentTime: Fri May 01 08:03:41 BST 2015
2015-05-01 08:03:41,013  INFO [main] - uk.ac.qub.exjavaganza.hqbert.server.v01.Supervisor.log 722 - 

2015-05-01 08:03:41,013  INFO [main] - uk.ac.qub.exjavaganza.hqbert.server.v01.Supervisor.log 722 - Update Complete
2015-05-01 08:03:51,011  INFO [main] - uk.ac.qub.exjavaganza.hqbert.server.v01.Supervisor.log 722 - CurrentTime: Fri May 01 08:03:51 BST 2015
2015-05-01 08:03:51,012  INFO [main] - uk.ac.qub.exjavaganza.hqbert.server.v01.Supervisor.log 722 - 

2015-05-01 08:03:51,012  INFO [main] - uk.ac.qub.exjavaganza.hqbert.server.v01.Supervisor.log 722 - Update Complete
2015-05-01 08:04:01,011  INFO [main] - uk.ac.qub.exjavaganza.hqbert.server.v01.Supervisor.log 722 - CurrentTime: Fri May 01 08:04:01 BST 2015
2015-05-01 08:04:01,014  INFO [main] - uk.ac.qub.exjavaganza.hqbert.server.v01.Supervisor.log 722 - 

2015-05-01 08:04:01,015  INFO [main] - uk.ac.qub.exjavaganza.hqbert.server.v01.Supervisor.log 722 - Update Complete
2015-05-01 08:04:11,028  INFO [main] - uk.ac.qub.exjavaganza.hqbert.server.v01.Supervisor.log 722 - CurrentTime: Fri May 01 08:04:11 BST 2015
2015-05-01 08:04:11,029  INFO [main] - uk.ac.qub.exjavaganza.hqbert.server.v01.Supervisor.log 722 - 

2015-05-01 08:04:11,029  INFO [main] - uk.ac.qub.exjavaganza.hqbert.server.v01.Supervisor.log 722 - Update Complete
2015-05-01 08:04:21,028  INFO [main] - uk.ac.qub.exjavaganza.hqbert.server.v01.Supervisor.log 722 - CurrentTime: Fri May 01 08:04:21 BST 2015
2015-05-01 08:04:21,029  INFO [main] - uk.ac.qub.exjavaganza.hqbert.server.v01.Supervisor.log 722 - 

2015-05-01 08:04:21,029  INFO [main] - uk.ac.qub.exjavaganza.hqbert.server.v01.Supervisor.log 722 - Update Complete
2015-05-01 08:04:31,028  INFO [main] - uk.ac.qub.exjavaganza.hqbert.server.v01.Supervisor.log 722 - CurrentTime: Fri May 01 08:04:31 BST 2015
2015-05-01 08:04:31,028  INFO [main] - uk.ac.qub.exjavaganza.hqbert.server.v01.Supervisor.log 722 - 

2015-05-01 08:04:31,029  INFO [main] - uk.ac.qub.exjavaganza.hqbert.server.v01.Supervisor.log 722 - Update Complete
2015-05-01 08:04:41,079  INFO [main] - uk.ac.qub.exjavaganza.hqbert.server.v01.Supervisor.log 722 - CurrentTime: Fri May 01 08:04:41 BST 2015
2015-05-01 08:04:41,079  INFO [main] - uk.ac.qub.exjavaganza.hqbert.server.v01.Supervisor.log 722 - 

2015-05-01 08:04:41,079  INFO [main] - uk.ac.qub.exjavaganza.hqbert.server.v01.Supervisor.log 722 - Update Complete
2015-05-01 08:04:51,125  INFO [main] - uk.ac.qub.exjavaganza.hqbert.server.v01.Supervisor.log 722 - CurrentTime: Fri May 01 08:04:51 BST 2015
2015-05-01 08:04:51,126  INFO [main] - uk.ac.qub.exjavaganza.hqbert.server.v01.Supervisor.log 722 - 

2015-05-01 08:04:51,126  INFO [main] - uk.ac.qub.exjavaganza.hqbert.server.v01.Supervisor.log 722 - Update Complete
2015-05-01 08:05:01,125  INFO [main] - uk.ac.qub.exjavaganza.hqbert.server.v01.Supervisor.log 722 - CurrentTime: Fri May 01 08:05:01 BST 2015
2015-05-01 08:05:01,126  INFO [main] - uk.ac.qub.exjavaganza.hqbert.server.v01.Supervisor.log 722 - 

2015-05-01 08:05:01,127  INFO [main] - uk.ac.qub.exjavaganza.hqbert.server.v01.Supervisor.log 722 - Update Complete
2015-05-01 08:05:11,125  INFO [main] - uk.ac.qub.exjavaganza.hqbert.server.v01.Supervisor.log 722 - CurrentTime: Fri May 01 08:05:11 BST 2015
2015-05-01 08:05:11,130  INFO [main] - uk.ac.qub.exjavaganza.hqbert.server.v01.Supervisor.log 722 - 

2015-05-01 08:05:11,178  INFO [main] - uk.ac.qub.exjavaganza.hqbert.server.v01.Supervisor.log 722 - Update Complete
2015-05-01 08:05:12,864  INFO [RMI TCP Connection(4)-143.117.232.219] - uk.ac.qub.exjavaganza.hqbert.server.v01.Supervisor.log 722 - Ted Bishop to Treatment room  0
2015-05-01 08:05:21,125  INFO [main] - uk.ac.qub.exjavaganza.hqbert.server.v01.Supervisor.log 722 - CurrentTime: Fri May 01 08:05:21 BST 2015
2015-05-01 08:05:21,127  INFO [main] - uk.ac.qub.exjavaganza.hqbert.server.v01.Supervisor.log 722 - 

2015-05-01 08:05:21,134  INFO [main] - uk.ac.qub.exjavaganza.hqbert.server.v01.Supervisor.log 722 - Update Complete
2015-05-01 08:05:28,010  INFO [RMI TCP Connection(4)-143.117.232.219] - uk.ac.qub.exjavaganza.hqbert.server.v01.Supervisor.log 722 - Tom Jones to Treatment room  0
2015-05-01 08:05:31,146  INFO [main] - uk.ac.qub.exjavaganza.hqbert.server.v01.Supervisor.log 722 - CurrentTime: Fri May 01 08:05:31 BST 2015
2015-05-01 08:05:31,148  INFO [main] - uk.ac.qub.exjavaganza.hqbert.server.v01.Supervisor.log 722 - 

2015-05-01 08:05:31,156  INFO [main] - uk.ac.qub.exjavaganza.hqbert.server.v01.Supervisor.log 722 - Update Complete
2015-05-01 08:05:41,140  INFO [main] - uk.ac.qub.exjavaganza.hqbert.server.v01.Supervisor.log 722 - CurrentTime: Fri May 01 08:05:41 BST 2015
2015-05-01 08:05:41,142  INFO [main] - uk.ac.qub.exjavaganza.hqbert.server.v01.Supervisor.log 722 - 

2015-05-01 08:05:41,151  INFO [main] - uk.ac.qub.exjavaganza.hqbert.server.v01.Supervisor.log 722 - Update Complete
2015-05-01 08:05:51,140  INFO [main] - uk.ac.qub.exjavaganza.hqbert.server.v01.Supervisor.log 722 - CurrentTime: Fri May 01 08:05:51 BST 2015
2015-05-01 08:05:51,155  INFO [main] - uk.ac.qub.exjavaganza.hqbert.server.v01.Supervisor.log 722 - 

2015-05-01 08:05:51,162  INFO [main] - uk.ac.qub.exjavaganza.hqbert.server.v01.Supervisor.log 722 - Update Complete
2015-05-01 08:07:45,505  INFO [main] - uk.ac.qub.exjavaganza.hqbert.server.v01.Supervisor.log 722 - Ted Bishop has left Treatment Room 1
2015-05-01 08:07:45,508  INFO [main] - uk.ac.qub.exjavaganza.hqbert.server.v01.Supervisor.log 722 - Tom Jones has left Treatment Room 2
2015-05-01 08:07:45,513  INFO [main] - uk.ac.qub.exjavaganza.hqbert.server.v01.Supervisor.log 722 - CurrentTime: Fri May 01 08:07:45 BST 2015
2015-05-01 08:07:45,514  INFO [main] - uk.ac.qub.exjavaganza.hqbert.server.v01.Supervisor.log 722 - 

2015-05-01 08:07:45,522  INFO [main] - uk.ac.qub.exjavaganza.hqbert.server.v01.Supervisor.log 722 - Update Complete
2015-05-01 08:07:55,500  INFO [main] - uk.ac.qub.exjavaganza.hqbert.server.v01.Supervisor.log 722 - CurrentTime: Fri May 01 08:07:55 BST 2015
2015-05-01 08:07:55,502  INFO [main] - uk.ac.qub.exjavaganza.hqbert.server.v01.Supervisor.log 722 - 

2015-05-01 08:07:55,506  INFO [main] - uk.ac.qub.exjavaganza.hqbert.server.v01.Supervisor.log 722 - Update Complete
2015-05-01 08:08:05,500  INFO [main] - uk.ac.qub.exjavaganza.hqbert.server.v01.Supervisor.log 722 - CurrentTime: Fri May 01 08:08:05 BST 2015
2015-05-01 08:08:05,503  INFO [main] - uk.ac.qub.exjavaganza.hqbert.server.v01.Supervisor.log 722 - 

2015-05-01 08:08:05,509  INFO [main] - uk.ac.qub.exjavaganza.hqbert.server.v01.Supervisor.log 722 - Update Complete
2015-05-01 08:08:15,500  INFO [main] - uk.ac.qub.exjavaganza.hqbert.server.v01.Supervisor.log 722 - CurrentTime: Fri May 01 08:08:15 BST 2015
2015-05-01 08:08:16,404  INFO [main] - uk.ac.qub.exjavaganza.hqbert.server.v01.Supervisor.log 722 - 

2015-05-01 08:08:18,399  INFO [main] - uk.ac.qub.exjavaganza.hqbert.server.v01.Supervisor.log 722 - Update Complete
2015-05-01 08:08:19,103  INFO [main] - uk.ac.qub.exjavaganza.hqbert.server.v01.Supervisor.logToFile 731 - Client connection issue: null removed from queue.
